2020.09.23 15:00:06 INFO  started: Metals version 0.9.3 in workspace '/h/d8/u/ca1734ma-s/Prog/pgk/w04/lab' for client vscode.
2020.09.23 15:00:07 INFO  time: initialize in 1.45s
2020.09.23 15:00:08 WARN  no build tool detected in workspace '/h/d8/u/ca1734ma-s/Prog/pgk/w04/lab'. The most common cause for this problem is that the editor was opened in the wrong working directory, for example if you use sbt then the workspace directory should contain build.sbt. 
2020.09.23 15:00:08 INFO  no build target: using presentation compiler with only scala-library
2020.09.23 15:00:11 WARN  no build target for: /h/d8/u/ca1734ma-s/Prog/pgk/w04/lab/blockmole.scala
Sep 23, 2020 3:00:11 PM org.eclipse.lsp4j.jsonrpc.RemoteEndpoint handleCancellation
WARNING: Unmatched cancel notification for request id 4
Sep 23, 2020 3:00:11 PM org.eclipse.lsp4j.jsonrpc.RemoteEndpoint handleCancellation
WARNING: Unmatched cancel notification for request id 6
Sep 23, 2020 3:00:11 PM org.eclipse.lsp4j.jsonrpc.RemoteEndpoint handleCancellation
WARNING: Unmatched cancel notification for request id 8
Sep 23, 2020 3:00:11 PM org.eclipse.lsp4j.jsonrpc.RemoteEndpoint handleCancellation
WARNING: Unmatched cancel notification for request id 9
Sep 23, 2020 3:00:11 PM org.eclipse.lsp4j.jsonrpc.RemoteEndpoint handleCancellation
WARNING: Unmatched cancel notification for request id 7
Sep 23, 2020 3:00:11 PM org.eclipse.lsp4j.jsonrpc.RemoteEndpoint handleCancellation
WARNING: Unmatched cancel notification for request id 2
2020.09.23 15:00:11 WARN  no build target for: /h/d8/u/ca1734ma-s/Prog/pgk/w04/lab/blockmole.scala
2020.09.23 15:01:56 WARN  no build target for: /h/d8/u/ca1734ma-s/Prog/pgk/w04/lab/blockmole.scala
2020.09.23 15:02:06 INFO  shutting down Metals
2020.09.24 10:45:26 INFO  started: Metals version 0.9.4 in workspace '/h/d8/u/ca1734ma-s/Prog/pgk/w04/lab' for client vscode.
2020.09.24 10:45:27 INFO  time: initialize in 1.33s
2020.09.24 10:45:28 WARN  no build tool detected in workspace '/h/d8/u/ca1734ma-s/Prog/pgk/w04/lab'. The most common cause for this problem is that the editor was opened in the wrong working directory, for example if you use sbt then the workspace directory should contain build.sbt. 
2020.09.24 10:45:30 INFO  no build target: using presentation compiler with only scala-library
2020.09.24 10:45:30 WARN  no build target for: /h/d8/u/ca1734ma-s/Prog/pgk/w04/lab/blockmole.scala
Sep 24, 2020 10:45:31 AM org.eclipse.lsp4j.jsonrpc.RemoteEndpoint handleCancellation
WARNING: Unmatched cancel notification for request id 1
2020.09.24 10:48:11 INFO  shutting down Metals
2020.09.24 10:49:21 INFO  started: Metals version 0.9.4 in workspace '/h/d8/u/ca1734ma-s/Prog/pgk/w04/lab' for client vscode.
2020.09.24 10:49:22 INFO  time: initialize in 1.14s
2020.09.24 10:49:23 WARN  no build tool detected in workspace '/h/d8/u/ca1734ma-s/Prog/pgk/w04/lab'. The most common cause for this problem is that the editor was opened in the wrong working directory, for example if you use sbt then the workspace directory should contain build.sbt. 
2020.09.24 10:49:25 INFO  no build target: using presentation compiler with only scala-library
2020.09.24 10:49:25 WARN  no build target for: /h/d8/u/ca1734ma-s/Prog/pgk/w04/lab/blockmole.scala
Sep 24, 2020 10:49:25 AM org.eclipse.lsp4j.jsonrpc.RemoteEndpoint handleCancellation
WARNING: Unmatched cancel notification for request id 3
Sep 24, 2020 10:49:25 AM org.eclipse.lsp4j.jsonrpc.RemoteEndpoint handleCancellation
WARNING: Unmatched cancel notification for request id 7
Sep 24, 2020 10:49:25 AM org.eclipse.lsp4j.jsonrpc.RemoteEndpoint handleCancellation
WARNING: Unmatched cancel notification for request id 6
something's wrong: no file:///h/d8/u/ca1734ma-s/Prog/pgk/w04/lab/blockmole.scala in Array[<error>]RangePosition(file:///h/d8/u/ca1734ma-s/Prog/pgk/w04/lab/blockmole.scala, 61, 61, 76)
something's wrong: no file:///h/d8/u/ca1734ma-s/Prog/pgk/w04/lab/blockmole.scala in Array[<error>]RangePosition(file:///h/d8/u/ca1734ma-s/Prog/pgk/w04/lab/blockmole.scala, 61, 61, 69)
something's wrong: no file:///h/d8/u/ca1734ma-s/Prog/pgk/w04/lab/blockmole.scala in Array[<error>]RangePosition(file:///h/d8/u/ca1734ma-s/Prog/pgk/w04/lab/blockmole.scala, 61, 61, 73)
something's wrong: no file:///h/d8/u/ca1734ma-s/Prog/pgk/w04/lab/blockmole.scala in Array[String]RangePosition(file:///h/d8/u/ca1734ma-s/Prog/pgk/w04/lab/blockmole.scala, 61, 61, 74)
something's wrong: no file:///h/d8/u/ca1734ma-s/Prog/pgk/w04/lab/blockmole.scala in Array[String]RangePosition(file:///h/d8/u/ca1734ma-s/Prog/pgk/w04/lab/blockmole.scala, 61, 61, 74)
something's wrong: no file:///h/d8/u/ca1734ma-s/Prog/pgk/w04/lab/blockmole.scala in Array[String]RangePosition(file:///h/d8/u/ca1734ma-s/Prog/pgk/w04/lab/blockmole.scala, 61, 61, 74)
2020.09.24 10:49:45 WARN  no build target for: /h/d8/u/ca1734ma-s/Prog/pgk/w04/lab/blockmole.scala
2020.09.24 10:53:15 WARN  no build target for: /h/d8/u/ca1734ma-s/Prog/pgk/w04/lab/blockmole.scala
Sep 24, 2020 10:56:49 AM scala.meta.internal.pc.completions.Completions completionPosition
SEVERE: null
java.lang.NullPointerException
	at scala.meta.internal.pc.completions.OverrideCompletions$OverrideCompletion.<init>(OverrideCompletions.scala:46)
	at scala.meta.internal.pc.completions.Completions.completionPositionUnsafe(Completions.scala:500)
	at scala.meta.internal.pc.completions.Completions.completionPositionUnsafe$(Completions.scala:409)
	at scala.meta.internal.pc.MetalsGlobal.completionPositionUnsafe(MetalsGlobal.scala:29)
	at scala.meta.internal.pc.completions.Completions.completionPosition(Completions.scala:401)
	at scala.meta.internal.pc.completions.Completions.completionPosition$(Completions.scala:386)
	at scala.meta.internal.pc.MetalsGlobal.completionPosition(MetalsGlobal.scala:29)
	at scala.meta.internal.pc.CompletionProvider.safeCompletionsAt(CompletionProvider.scala:444)
	at scala.meta.internal.pc.CompletionProvider.completions(CompletionProvider.scala:57)
	at scala.meta.internal.pc.ScalaPresentationCompiler.$anonfun$complete$1(ScalaPresentationCompiler.scala:184)
	at scala.meta.internal.pc.CompilerAccess.withSharedCompiler(CompilerAccess.scala:137)
	at scala.meta.internal.pc.CompilerAccess.$anonfun$withInterruptableCompiler$1(CompilerAccess.scala:87)
	at scala.meta.internal.pc.CompilerAccess.$anonfun$onCompilerJobQueue$1(CompilerAccess.scala:197)
	at scala.meta.internal.pc.CompilerJobQueue$Job.run(CompilerJobQueue.scala:103)
	at java.base/java.util.concurrent.ThreadPoolExecutor.runWorker(ThreadPoolExecutor.java:1128)
	at java.base/java.util.concurrent.ThreadPoolExecutor$Worker.run(ThreadPoolExecutor.java:628)
	at java.base/java.lang.Thread.run(Thread.java:834)

Sep 24, 2020 10:56:49 AM scala.meta.internal.pc.completions.Completions completionPosition
SEVERE: null
java.lang.NullPointerException
	at scala.meta.internal.pc.completions.OverrideCompletions$OverrideCompletion.<init>(OverrideCompletions.scala:46)
	at scala.meta.internal.pc.completions.Completions.completionPositionUnsafe(Completions.scala:500)
	at scala.meta.internal.pc.completions.Completions.completionPositionUnsafe$(Completions.scala:409)
	at scala.meta.internal.pc.MetalsGlobal.completionPositionUnsafe(MetalsGlobal.scala:29)
	at scala.meta.internal.pc.completions.Completions.completionPosition(Completions.scala:401)
	at scala.meta.internal.pc.completions.Completions.completionPosition$(Completions.scala:386)
	at scala.meta.internal.pc.MetalsGlobal.completionPosition(MetalsGlobal.scala:29)
	at scala.meta.internal.pc.CompletionProvider.safeCompletionsAt(CompletionProvider.scala:444)
	at scala.meta.internal.pc.CompletionProvider.completions(CompletionProvider.scala:57)
	at scala.meta.internal.pc.ScalaPresentationCompiler.$anonfun$complete$1(ScalaPresentationCompiler.scala:184)
	at scala.meta.internal.pc.CompilerAccess.withSharedCompiler(CompilerAccess.scala:137)
	at scala.meta.internal.pc.CompilerAccess.$anonfun$withInterruptableCompiler$1(CompilerAccess.scala:87)
	at scala.meta.internal.pc.CompilerAccess.$anonfun$onCompilerJobQueue$1(CompilerAccess.scala:197)
	at scala.meta.internal.pc.CompilerJobQueue$Job.run(CompilerJobQueue.scala:103)
	at java.base/java.util.concurrent.ThreadPoolExecutor.runWorker(ThreadPoolExecutor.java:1128)
	at java.base/java.util.concurrent.ThreadPoolExecutor$Worker.run(ThreadPoolExecutor.java:628)
	at java.base/java.lang.Thread.run(Thread.java:834)

Sep 24, 2020 10:56:50 AM scala.meta.internal.pc.completions.Completions completionPosition
SEVERE: null
java.lang.NullPointerException
	at scala.meta.internal.pc.completions.OverrideCompletions$OverrideCompletion.<init>(OverrideCompletions.scala:46)
	at scala.meta.internal.pc.completions.Completions.completionPositionUnsafe(Completions.scala:500)
	at scala.meta.internal.pc.completions.Completions.completionPositionUnsafe$(Completions.scala:409)
	at scala.meta.internal.pc.MetalsGlobal.completionPositionUnsafe(MetalsGlobal.scala:29)
	at scala.meta.internal.pc.completions.Completions.completionPosition(Completions.scala:401)
	at scala.meta.internal.pc.completions.Completions.completionPosition$(Completions.scala:386)
	at scala.meta.internal.pc.MetalsGlobal.completionPosition(MetalsGlobal.scala:29)
	at scala.meta.internal.pc.CompletionProvider.safeCompletionsAt(CompletionProvider.scala:444)
	at scala.meta.internal.pc.CompletionProvider.completions(CompletionProvider.scala:57)
	at scala.meta.internal.pc.ScalaPresentationCompiler.$anonfun$complete$1(ScalaPresentationCompiler.scala:184)
	at scala.meta.internal.pc.CompilerAccess.withSharedCompiler(CompilerAccess.scala:137)
	at scala.meta.internal.pc.CompilerAccess.$anonfun$withInterruptableCompiler$1(CompilerAccess.scala:87)
	at scala.meta.internal.pc.CompilerAccess.$anonfun$onCompilerJobQueue$1(CompilerAccess.scala:197)
	at scala.meta.internal.pc.CompilerJobQueue$Job.run(CompilerJobQueue.scala:103)
	at java.base/java.util.concurrent.ThreadPoolExecutor.runWorker(ThreadPoolExecutor.java:1128)
	at java.base/java.util.concurrent.ThreadPoolExecutor$Worker.run(ThreadPoolExecutor.java:628)
	at java.base/java.lang.Thread.run(Thread.java:834)

Sep 24, 2020 10:56:50 AM scala.meta.internal.pc.completions.Completions completionPosition
SEVERE: null
java.lang.NullPointerException
	at scala.meta.internal.pc.completions.OverrideCompletions$OverrideCompletion.<init>(OverrideCompletions.scala:46)
	at scala.meta.internal.pc.completions.Completions.completionPositionUnsafe(Completions.scala:500)
	at scala.meta.internal.pc.completions.Completions.completionPositionUnsafe$(Completions.scala:409)
	at scala.meta.internal.pc.MetalsGlobal.completionPositionUnsafe(MetalsGlobal.scala:29)
	at scala.meta.internal.pc.completions.Completions.completionPosition(Completions.scala:401)
	at scala.meta.internal.pc.completions.Completions.completionPosition$(Completions.scala:386)
	at scala.meta.internal.pc.MetalsGlobal.completionPosition(MetalsGlobal.scala:29)
	at scala.meta.internal.pc.CompletionProvider.safeCompletionsAt(CompletionProvider.scala:444)
	at scala.meta.internal.pc.CompletionProvider.completions(CompletionProvider.scala:57)
	at scala.meta.internal.pc.ScalaPresentationCompiler.$anonfun$complete$1(ScalaPresentationCompiler.scala:184)
	at scala.meta.internal.pc.CompilerAccess.withSharedCompiler(CompilerAccess.scala:137)
	at scala.meta.internal.pc.CompilerAccess.$anonfun$withInterruptableCompiler$1(CompilerAccess.scala:87)
	at scala.meta.internal.pc.CompilerAccess.$anonfun$onCompilerJobQueue$1(CompilerAccess.scala:197)
	at scala.meta.internal.pc.CompilerJobQueue$Job.run(CompilerJobQueue.scala:103)
	at java.base/java.util.concurrent.ThreadPoolExecutor.runWorker(ThreadPoolExecutor.java:1128)
	at java.base/java.util.concurrent.ThreadPoolExecutor$Worker.run(ThreadPoolExecutor.java:628)
	at java.base/java.lang.Thread.run(Thread.java:834)

Sep 24, 2020 10:56:54 AM scala.meta.internal.pc.CompletionProvider expected$1
WARNING: offset 172, count -1, length 319
Sep 24, 2020 10:57:19 AM scala.meta.internal.pc.CompilerAccess retryWithCleanCompiler
INFO: compiler crashed due to an error in the Scala compiler, retrying with new compiler instance.
Sep 24, 2020 10:57:19 AM scala.meta.internal.pc.CompilerAccess handleError
SEVERE: null
java.lang.NullPointerException
	at scala.reflect.internal.Definitions$DefinitionsClass.isByNameParamType(Definitions.scala:417)
	at scala.reflect.internal.TreeInfo.isStableIdent(TreeInfo.scala:138)
	at scala.reflect.internal.TreeInfo.isStableIdentifier(TreeInfo.scala:113)
	at scala.reflect.internal.TreeInfo.isPath(TreeInfo.scala:102)
	at scala.reflect.internal.TreeInfo.admitsTypeSelection(TreeInfo.scala:156)
	at scala.tools.nsc.interactive.Global.stabilizedType(Global.scala:959)
	at scala.tools.nsc.interactive.Global.typedTreeAt(Global.scala:807)
	at scala.meta.internal.pc.SignatureHelpProvider.signatureHelp(SignatureHelpProvider.scala:23)

2020.09.24 10:57:27 WARN  no build target for: /h/d8/u/ca1734ma-s/Prog/pgk/w04/lab/blockmole.scala
2020.09.24 10:57:52 WARN  no build target for: /h/d8/u/ca1734ma-s/Prog/pgk/w04/lab/blockmole.scala
2020.09.24 11:00:09 WARN  no build target for: /h/d8/u/ca1734ma-s/Prog/pgk/w04/lab/blockmole.scala
2020.09.24 11:00:53 WARN  no build tool detected in workspace '/h/d8/u/ca1734ma-s/Prog/pgk/w04/lab'. The most common cause for this problem is that the editor was opened in the wrong working directory, for example if you use sbt then the workspace directory should contain build.sbt. 
2020.09.24 11:00:53 WARN  no build tool detected in workspace '/h/d8/u/ca1734ma-s/Prog/pgk/w04/lab'. The most common cause for this problem is that the editor was opened in the wrong working directory, for example if you use sbt then the workspace directory should contain build.sbt. 
2020.09.24 11:01:53 WARN  no build tool detected in workspace '/h/d8/u/ca1734ma-s/Prog/pgk/w04/lab'. The most common cause for this problem is that the editor was opened in the wrong working directory, for example if you use sbt then the workspace directory should contain build.sbt. 
2020.09.24 11:01:53 WARN  no build target for: /h/d8/u/ca1734ma-s/Prog/pgk/w04/lab/blockmole.scala
2020.09.24 11:05:10 WARN  no build tool detected in workspace '/h/d8/u/ca1734ma-s/Prog/pgk/w04/lab'. The most common cause for this problem is that the editor was opened in the wrong working directory, for example if you use sbt then the workspace directory should contain build.sbt. 
2020.09.24 11:05:10 WARN  no build tool detected in workspace '/h/d8/u/ca1734ma-s/Prog/pgk/w04/lab'. The most common cause for this problem is that the editor was opened in the wrong working directory, for example if you use sbt then the workspace directory should contain build.sbt. 
2020.09.24 11:06:40 WARN  no build target for: /h/d8/u/ca1734ma-s/Prog/pgk/w04/lab/blockmole.scala
2020.09.24 11:09:21 WARN  no build target for: /h/d8/u/ca1734ma-s/Prog/pgk/w04/lab/blockmole.scala
2020.09.24 11:11:09 WARN  no build target for: /h/d8/u/ca1734ma-s/Prog/pgk/w04/lab/blockmole.scala
2020.09.24 11:11:46 WARN  no build target for: /h/d8/u/ca1734ma-s/Prog/pgk/w04/lab/blockmole.scala
2020.09.24 11:16:09 WARN  no build target for: /h/d8/u/ca1734ma-s/Prog/pgk/w04/lab/blockmole.scala
2020.09.24 11:16:22 WARN  no build tool detected in workspace '/h/d8/u/ca1734ma-s/Prog/pgk/w04/lab'. The most common cause for this problem is that the editor was opened in the wrong working directory, for example if you use sbt then the workspace directory should contain build.sbt. 
2020.09.24 11:16:24 WARN  no build target for: /h/d8/u/ca1734ma-s/Prog/pgk/w04/lab/blockmole.scala
2020.09.24 11:24:45 WARN  no build target for: /h/d8/u/ca1734ma-s/Prog/pgk/w04/lab/blockmole.scala
2020.09.24 11:26:37 WARN  no build target for: /h/d8/u/ca1734ma-s/Prog/pgk/w04/lab/blockmole.scala
2020.09.24 11:27:48 WARN  no build target for: /h/d8/u/ca1734ma-s/Prog/pgk/w04/lab/blockmole.scala
2020.09.24 11:29:29 WARN  no build target for: /h/d8/u/ca1734ma-s/Prog/pgk/w04/lab/blockmole.scala
2020.09.24 11:30:46 WARN  no build target for: /h/d8/u/ca1734ma-s/Prog/pgk/w04/lab/blockmole.scala
2020.09.24 11:30:46 WARN  no build tool detected in workspace '/h/d8/u/ca1734ma-s/Prog/pgk/w04/lab'. The most common cause for this problem is that the editor was opened in the wrong working directory, for example if you use sbt then the workspace directory should contain build.sbt. 
2020.09.24 11:31:41 WARN  no build target for: /h/d8/u/ca1734ma-s/Prog/pgk/w04/lab/blockmole.scala
2020.09.24 11:34:07 WARN  no build tool detected in workspace '/h/d8/u/ca1734ma-s/Prog/pgk/w04/lab'. The most common cause for this problem is that the editor was opened in the wrong working directory, for example if you use sbt then the workspace directory should contain build.sbt. 
2020.09.24 11:34:07 WARN  no build target for: /h/d8/u/ca1734ma-s/Prog/pgk/w04/lab/blockmole.scala
2020.09.24 11:34:20 WARN  no build target for: /h/d8/u/ca1734ma-s/Prog/pgk/w04/lab/blockmole.scala
2020.09.24 11:34:46 WARN  no build target for: /h/d8/u/ca1734ma-s/Prog/pgk/w04/lab/blockmole.scala
2020.09.24 11:35:10 WARN  no build target for: /h/d8/u/ca1734ma-s/Prog/pgk/w04/lab/blockmole.scala
2020.09.24 11:38:01 WARN  no build target for: /h/d8/u/ca1734ma-s/Prog/pgk/w04/lab/blockmole.scala
2020.09.24 11:38:01 WARN  no build target for: /h/d8/u/ca1734ma-s/Prog/pgk/w04/lab/blockmole.scala
2020.09.24 11:39:06 WARN  no build target for: /h/d8/u/ca1734ma-s/Prog/pgk/w04/lab/blockmole.scala
2020.09.24 11:40:51 WARN  no build target for: /h/d8/u/ca1734ma-s/Prog/pgk/w04/lab/blockmole.scala
2020.09.24 11:40:51 WARN  no build tool detected in workspace '/h/d8/u/ca1734ma-s/Prog/pgk/w04/lab'. The most common cause for this problem is that the editor was opened in the wrong working directory, for example if you use sbt then the workspace directory should contain build.sbt. 
something's wrong: no file:///h/d8/u/ca1734ma-s/Prog/pgk/w04/lab/blockmole.scala in Array[String]RangePosition(file:///h/d8/u/ca1734ma-s/Prog/pgk/w04/lab/blockmole.scala, 800, 800, 813)
2020.09.24 11:41:30 WARN  no build target for: /h/d8/u/ca1734ma-s/Prog/pgk/w04/lab/blockmole.scala
2020.09.24 11:51:47 INFO  running '/usr/lib/jvm/jdk-11.0.4/bin/java -Djline.terminal=jline.UnsupportedTerminal -Dsbt.log.noformat=true -Dfile.encoding=UTF-8 -Dsbt.version=1.3.13 -jar /tmp/metals18237780041849320655/sbt-launch.jar -Dbloop.export-jar-classifiers=sources bloopInstall'
2020.09.24 11:51:48 INFO  skipping build import with status 'Dismissed'
2020.09.24 11:51:48 ERROR [info] [launcher] getting org.scala-sbt sbt 1.3.13  (this may take some time)...
2020.09.24 11:52:12 ERROR downloading https://repo1.maven.org/maven2/org/scala-sbt/sbt/1.3.13/sbt-1.3.13.jar ...
2020.09.24 11:52:12 ERROR downloading https://repo1.maven.org/maven2/org/scala-lang/scala-library/2.12.10/scala-library-2.12.10.jar ...
2020.09.24 11:52:12 ERROR downloading https://repo1.maven.org/maven2/org/scala-sbt/main_2.12/1.3.13/main_2.12-1.3.13.jar ...
2020.09.24 11:52:12 ERROR downloading https://repo1.maven.org/maven2/org/scala-sbt/io_2.12/1.3.4/io_2.12-1.3.4.jar ...
2020.09.24 11:52:12 ERROR :: loading settings :: url = jar:file:/tmp/metals18237780041849320655/sbt-launch.jar!/org/apache/ivy/core/settings/ivysettings.xml
2020.09.24 11:52:12 ERROR :: loading settings :: url = jar:file:/tmp/metals18237780041849320655/sbt-launch.jar!/org/apache/ivy/core/settings/ivysettings.xml
2020.09.24 11:52:12 ERROR :: loading settings :: url = jar:file:/tmp/metals18237780041849320655/sbt-launch.jar!/org/apache/ivy/core/settings/ivysettings.xml
2020.09.24 11:52:12 ERROR :: loading settings :: url = jar:file:/tmp/metals18237780041849320655/sbt-launch.jar!/org/apache/ivy/core/settings/ivysettings.xml
2020.09.24 11:52:12 ERROR 	[SUCCESSFUL ] org.scala-sbt#sbt;1.3.13!sbt.jar (103ms)
2020.09.24 11:52:12 ERROR downloading https://repo1.maven.org/maven2/org/scala-sbt/logic_2.12/1.3.13/logic_2.12-1.3.13.jar ...
2020.09.24 11:52:12 ERROR 	[SUCCESSFUL ] org.scala-sbt#logic_2.12;1.3.13!logic_2.12.jar (66ms)
2020.09.24 11:52:12 ERROR downloading https://repo1.maven.org/maven2/org/scala-sbt/actions_2.12/1.3.13/actions_2.12-1.3.13.jar ...
2020.09.24 11:52:12 ERROR 	[SUCCESSFUL ] org.scala-sbt#io_2.12;1.3.4!io_2.12.jar (212ms)
2020.09.24 11:52:12 ERROR downloading https://repo1.maven.org/maven2/org/scala-sbt/main-settings_2.12/1.3.13/main-settings_2.12-1.3.13.jar ...
2020.09.24 11:52:12 ERROR 	[SUCCESSFUL ] org.scala-sbt#actions_2.12;1.3.13!actions_2.12.jar (96ms)
2020.09.24 11:52:12 ERROR downloading https://repo1.maven.org/maven2/org/scala-sbt/run_2.12/1.3.13/run_2.12-1.3.13.jar ...
2020.09.24 11:52:12 ERROR 	[SUCCESSFUL ] org.scala-sbt#main-settings_2.12;1.3.13!main-settings_2.12.jar (110ms)
2020.09.24 11:52:12 ERROR downloading https://repo1.maven.org/maven2/org/scala-sbt/command_2.12/1.3.13/command_2.12-1.3.13.jar ...
2020.09.24 11:52:12 ERROR 	[SUCCESSFUL ] org.scala-sbt#command_2.12;1.3.13!command_2.12.jar (112ms)
2020.09.24 11:52:12 ERROR downloading https://repo1.maven.org/maven2/org/scala-sbt/collections_2.12/1.3.13/collections_2.12-1.3.13.jar ...
2020.09.24 11:52:12 ERROR 	[SUCCESSFUL ] org.scala-sbt#main_2.12;1.3.13!main_2.12.jar (440ms)
2020.09.24 11:52:12 ERROR downloading https://repo1.maven.org/maven2/org/scala-sbt/scripted-sbt-redux_2.12/1.3.13/scripted-sbt-redux_2.12-1.3.13.jar ...
2020.09.24 11:52:12 ERROR 	[SUCCESSFUL ] org.scala-sbt#scripted-sbt-redux_2.12;1.3.13!scripted-sbt-redux_2.12.jar (59ms)
2020.09.24 11:52:12 ERROR downloading https://repo1.maven.org/maven2/org/scala-sbt/scripted-plugin_2.12/1.3.13/scripted-plugin_2.12-1.3.13.jar ...
2020.09.24 11:52:12 ERROR 	[SUCCESSFUL ] org.scala-sbt#collections_2.12;1.3.13!collections_2.12.jar (113ms)
2020.09.24 11:52:12 ERROR downloading https://repo1.maven.org/maven2/org/scala-sbt/zinc-lm-integration_2.12/1.3.13/zinc-lm-integration_2.12-1.3.13.jar ...
2020.09.24 11:52:12 ERROR 	[SUCCESSFUL ] org.scala-sbt#scripted-plugin_2.12;1.3.13!scripted-plugin_2.12.jar (52ms)
2020.09.24 11:52:12 ERROR 	[SUCCESSFUL ] org.scala-sbt#run_2.12;1.3.13!run_2.12.jar (286ms)
2020.09.24 11:52:12 ERROR downloading https://repo1.maven.org/maven2/org/scala-lang/modules/scala-xml_2.12/1.3.0/scala-xml_2.12-1.3.0.jar ...
2020.09.24 11:52:12 ERROR downloading https://repo1.maven.org/maven2/org/scala-sbt/launcher-interface/1.1.4/launcher-interface-1.1.4.jar ...
2020.09.24 11:52:12 ERROR 	[SUCCESSFUL ] org.scala-sbt#launcher-interface;1.1.4!launcher-interface.jar (50ms)
2020.09.24 11:52:12 ERROR downloading https://repo1.maven.org/maven2/org/apache/logging/log4j/log4j-api/2.11.2/log4j-api-2.11.2.jar ...
2020.09.24 11:52:12 ERROR 	[SUCCESSFUL ] org.scala-sbt#zinc-lm-integration_2.12;1.3.13!zinc-lm-integration_2.12.jar (61ms)
2020.09.24 11:52:12 ERROR downloading https://repo1.maven.org/maven2/org/apache/logging/log4j/log4j-core/2.11.2/log4j-core-2.11.2.jar ...
2020.09.24 11:52:12 ERROR 	[SUCCESSFUL ] org.scala-lang.modules#scala-xml_2.12;1.3.0!scala-xml_2.12.jar(bundle) (126ms)
2020.09.24 11:52:12 ERROR downloading https://repo1.maven.org/maven2/org/apache/logging/log4j/log4j-slf4j-impl/2.11.2/log4j-slf4j-impl-2.11.2.jar ...
2020.09.24 11:52:12 ERROR 	[SUCCESSFUL ] org.apache.logging.log4j#log4j-slf4j-impl;2.11.2!log4j-slf4j-impl.jar (64ms)
2020.09.24 11:52:12 ERROR 	[SUCCESSFUL ] org.apache.logging.log4j#log4j-api;2.11.2!log4j-api.jar (138ms)
2020.09.24 11:52:12 ERROR downloading https://repo1.maven.org/maven2/com/github/cb372/scalacache-caffeine_2.12/0.20.0/scalacache-caffeine_2.12-0.20.0.jar ...
2020.09.24 11:52:12 ERROR downloading https://repo1.maven.org/maven2/io/get-coursier/lm-coursier-shaded_2.12/2.0.0-RC6-4/lm-coursier-shaded_2.12-2.0.0-RC6-4.jar ...
2020.09.24 11:52:12 ERROR 	[SUCCESSFUL ] org.apache.logging.log4j#log4j-core;2.11.2!log4j-core.jar (180ms)
2020.09.24 11:52:12 ERROR downloading https://repo1.maven.org/maven2/org/scala-sbt/util-logging_2.12/1.3.3/util-logging_2.12-1.3.3.jar ...
2020.09.24 11:52:12 ERROR 	[SUCCESSFUL ] org.scala-sbt#util-logging_2.12;1.3.3!util-logging_2.12.jar (86ms)
2020.09.24 11:52:12 ERROR downloading https://repo1.maven.org/maven2/org/scala-sbt/librarymanagement-core_2.12/1.3.4/librarymanagement-core_2.12-1.3.4.jar ...
2020.09.24 11:52:13 ERROR 	[SUCCESSFUL ] org.scala-lang#scala-library;2.12.10!scala-library.jar (1048ms)
2020.09.24 11:52:13 ERROR downloading https://repo1.maven.org/maven2/org/scala-sbt/librarymanagement-ivy_2.12/1.3.4/librarymanagement-ivy_2.12-1.3.4.jar ...
2020.09.24 11:52:13 ERROR 	[SUCCESSFUL ] com.github.cb372#scalacache-caffeine_2.12;0.20.0!scalacache-caffeine_2.12.jar (310ms)
2020.09.24 11:52:13 ERROR downloading https://repo1.maven.org/maven2/org/scala-sbt/compiler-interface/1.3.5/compiler-interface-1.3.5.jar ...
2020.09.24 11:52:13 ERROR 	[SUCCESSFUL ] org.scala-sbt#compiler-interface;1.3.5!compiler-interface.jar (108ms)
2020.09.24 11:52:13 ERROR 	[SUCCESSFUL ] org.scala-sbt#librarymanagement-ivy_2.12;1.3.4!librarymanagement-ivy_2.12.jar (121ms)
2020.09.24 11:52:13 ERROR downloading https://repo1.maven.org/maven2/org/scala-sbt/zinc-compile_2.12/1.3.5/zinc-compile_2.12-1.3.5.jar ...
2020.09.24 11:52:13 ERROR downloading https://repo1.maven.org/maven2/org/scala-sbt/util-relation_2.12/1.3.3/util-relation_2.12-1.3.3.jar ...
2020.09.24 11:52:13 ERROR 	[SUCCESSFUL ] org.scala-sbt#util-relation_2.12;1.3.3!util-relation_2.12.jar (48ms)
2020.09.24 11:52:13 ERROR downloading https://repo1.maven.org/maven2/com/eed3si9n/sjson-new-scalajson_2.12/0.8.3/sjson-new-scalajson_2.12-0.8.3.jar ...
2020.09.24 11:52:13 ERROR 	[SUCCESSFUL ] org.scala-sbt#zinc-compile_2.12;1.3.5!zinc-compile_2.12.jar (53ms)
2020.09.24 11:52:13 ERROR downloading https://repo1.maven.org/maven2/org/scala-sbt/util-position_2.12/1.3.3/util-position_2.12-1.3.3.jar ...
2020.09.24 11:52:13 ERROR 	[SUCCESSFUL ] org.scala-sbt#librarymanagement-core_2.12;1.3.4!librarymanagement-core_2.12.jar (370ms)
2020.09.24 11:52:13 ERROR downloading https://repo1.maven.org/maven2/com/eed3si9n/sjson-new-core_2.12/0.8.3/sjson-new-core_2.12-0.8.3.jar ...
2020.09.24 11:52:13 ERROR 	[SUCCESSFUL ] com.eed3si9n#sjson-new-scalajson_2.12;0.8.3!sjson-new-scalajson_2.12.jar (53ms)
2020.09.24 11:52:13 ERROR downloading https://repo1.maven.org/maven2/com/eed3si9n/shaded-scalajson_2.12/1.0.0-M4/shaded-scalajson_2.12-1.0.0-M4.jar ...
2020.09.24 11:52:13 ERROR 	[SUCCESSFUL ] org.scala-sbt#util-position_2.12;1.3.3!util-position_2.12.jar (71ms)
2020.09.24 11:52:13 ERROR downloading https://repo1.maven.org/maven2/org/spire-math/jawn-parser_2.12/0.10.4/jawn-parser_2.12-0.10.4.jar ...
2020.09.24 11:52:13 ERROR 	[SUCCESSFUL ] com.eed3si9n#shaded-scalajson_2.12;1.0.0-M4!shaded-scalajson_2.12.jar (54ms)
2020.09.24 11:52:13 ERROR downloading https://repo1.maven.org/maven2/org/scala-lang/scala-reflect/2.12.10/scala-reflect-2.12.10.jar ...
2020.09.24 11:52:13 ERROR 	[SUCCESSFUL ] org.spire-math#jawn-parser_2.12;0.10.4!jawn-parser_2.12.jar (80ms)
2020.09.24 11:52:13 ERROR downloading https://repo1.maven.org/maven2/org/scala-sbt/completion_2.12/1.3.13/completion_2.12-1.3.13.jar ...
2020.09.24 11:52:13 ERROR 	[SUCCESSFUL ] org.scala-sbt#completion_2.12;1.3.13!completion_2.12.jar (148ms)
2020.09.24 11:52:13 ERROR downloading https://repo1.maven.org/maven2/org/scala-sbt/task-system_2.12/1.3.13/task-system_2.12-1.3.13.jar ...
2020.09.24 11:52:13 ERROR 	[SUCCESSFUL ] com.eed3si9n#sjson-new-core_2.12;0.8.3!sjson-new-core_2.12.jar (287ms)
2020.09.24 11:52:13 ERROR downloading https://repo1.maven.org/maven2/org/scala-sbt/tasks_2.12/1.3.13/tasks_2.12-1.3.13.jar ...
2020.09.24 11:52:13 ERROR 	[SUCCESSFUL ] org.scala-sbt#tasks_2.12;1.3.13!tasks_2.12.jar (66ms)
2020.09.24 11:52:13 ERROR downloading https://repo1.maven.org/maven2/org/scala-sbt/testing_2.12/1.3.13/testing_2.12-1.3.13.jar ...
2020.09.24 11:52:13 ERROR 	[SUCCESSFUL ] org.scala-sbt#task-system_2.12;1.3.13!task-system_2.12.jar (155ms)
2020.09.24 11:52:13 ERROR downloading https://repo1.maven.org/maven2/org/scala-sbt/util-tracking_2.12/1.3.3/util-tracking_2.12-1.3.3.jar ...
2020.09.24 11:52:13 ERROR 	[SUCCESSFUL ] io.get-coursier#lm-coursier-shaded_2.12;2.0.0-RC6-4!lm-coursier-shaded_2.12.jar (1045ms)
2020.09.24 11:52:13 ERROR 	[SUCCESSFUL ] org.scala-sbt#util-tracking_2.12;1.3.3!util-tracking_2.12.jar (108ms)
2020.09.24 11:52:13 ERROR downloading https://repo1.maven.org/maven2/org/scala-sbt/zinc-classpath_2.12/1.3.5/zinc-classpath_2.12-1.3.5.jar ...
2020.09.24 11:52:13 ERROR downloading https://repo1.maven.org/maven2/org/scala-sbt/zinc-apiinfo_2.12/1.3.5/zinc-apiinfo_2.12-1.3.5.jar ...
2020.09.24 11:52:13 ERROR 	[SUCCESSFUL ] org.scala-sbt#zinc-classpath_2.12;1.3.5!zinc-classpath_2.12.jar (75ms)
2020.09.24 11:52:13 ERROR downloading https://repo1.maven.org/maven2/org/scala-sbt/zinc_2.12/1.3.5/zinc_2.12-1.3.5.jar ...
2020.09.24 11:52:13 ERROR 	[SUCCESSFUL ] org.scala-sbt#zinc-apiinfo_2.12;1.3.5!zinc-apiinfo_2.12.jar (125ms)
2020.09.24 11:52:13 ERROR 	[SUCCESSFUL ] org.scala-lang#scala-reflect;2.12.10!scala-reflect.jar (597ms)
2020.09.24 11:52:13 ERROR downloading https://repo1.maven.org/maven2/jline/jline/2.14.6/jline-2.14.6.jar ...
2020.09.24 11:52:13 ERROR downloading https://repo1.maven.org/maven2/org/scala-sbt/util-control_2.12/1.3.3/util-control_2.12-1.3.3.jar ...
2020.09.24 11:52:13 ERROR 	[SUCCESSFUL ] org.scala-sbt#zinc_2.12;1.3.5!zinc_2.12.jar (71ms)
2020.09.24 11:52:13 ERROR downloading https://repo1.maven.org/maven2/com/swoval/file-tree-views/2.1.3/file-tree-views-2.1.3.jar ...
2020.09.24 11:52:13 ERROR 	[SUCCESSFUL ] org.scala-sbt#testing_2.12;1.3.13!testing_2.12.jar (360ms)
2020.09.24 11:52:13 ERROR downloading https://repo1.maven.org/maven2/net/java/dev/jna/jna/5.5.0/jna-5.5.0.jar ...
2020.09.24 11:52:13 ERROR 	[SUCCESSFUL ] org.scala-sbt#util-control_2.12;1.3.3!util-control_2.12.jar (49ms)
2020.09.24 11:52:13 ERROR downloading https://repo1.maven.org/maven2/net/java/dev/jna/jna-platform/5.5.0/jna-platform-5.5.0.jar ...
2020.09.24 11:52:13 ERROR 	[SUCCESSFUL ] com.swoval#file-tree-views;2.1.3!file-tree-views.jar (89ms)
2020.09.24 11:52:13 ERROR downloading https://repo1.maven.org/maven2/org/scala-sbt/util-interface/1.3.3/util-interface-1.3.3.jar ...
2020.09.24 11:52:14 ERROR 	[SUCCESSFUL ] jline#jline;2.14.6!jline.jar (137ms)
2020.09.24 11:52:14 ERROR downloading https://repo1.maven.org/maven2/com/lmax/disruptor/3.4.2/disruptor-3.4.2.jar ...
2020.09.24 11:52:14 ERROR 	[SUCCESSFUL ] org.scala-sbt#util-interface;1.3.3!util-interface.jar (49ms)
2020.09.24 11:52:14 ERROR downloading https://repo1.maven.org/maven2/org/scala-lang/scala-compiler/2.12.10/scala-compiler-2.12.10.jar ...
2020.09.24 11:52:14 ERROR 	[SUCCESSFUL ] com.lmax#disruptor;3.4.2!disruptor.jar (71ms)
2020.09.24 11:52:14 ERROR downloading https://repo1.maven.org/maven2/com/google/protobuf/protobuf-java/3.7.0/protobuf-java-3.7.0.jar ...
2020.09.24 11:52:14 ERROR 	[SUCCESSFUL ] net.java.dev.jna#jna;5.5.0!jna.jar (246ms)
2020.09.24 11:52:14 ERROR downloading https://repo1.maven.org/maven2/org/scala-sbt/util-cache_2.12/1.3.3/util-cache_2.12-1.3.3.jar ...
2020.09.24 11:52:14 ERROR 	[SUCCESSFUL ] org.scala-sbt#util-cache_2.12;1.3.3!util-cache_2.12.jar (74ms)
2020.09.24 11:52:14 ERROR downloading https://repo1.maven.org/maven2/com/eed3si9n/sjson-new-murmurhash_2.12/0.8.3/sjson-new-murmurhash_2.12-0.8.3.jar ...
2020.09.24 11:52:14 ERROR 	[SUCCESSFUL ] com.eed3si9n#sjson-new-murmurhash_2.12;0.8.3!sjson-new-murmurhash_2.12.jar (49ms)
2020.09.24 11:52:14 ERROR downloading https://repo1.maven.org/maven2/org/scala-sbt/test-agent/1.3.13/test-agent-1.3.13.jar ...
2020.09.24 11:52:14 ERROR 	[SUCCESSFUL ] org.scala-sbt#test-agent;1.3.13!test-agent.jar (52ms)
2020.09.24 11:52:14 ERROR downloading https://repo1.maven.org/maven2/org/scala-sbt/test-interface/1.0/test-interface-1.0.jar ...
2020.09.24 11:52:14 ERROR 	[SUCCESSFUL ] org.scala-sbt#test-interface;1.0!test-interface.jar (51ms)
2020.09.24 11:52:14 ERROR downloading https://repo1.maven.org/maven2/org/scala-sbt/compiler-bridge_2.12/1.3.5/compiler-bridge_2.12-1.3.5.jar ...
2020.09.24 11:52:14 ERROR 	[SUCCESSFUL ] org.scala-sbt#compiler-bridge_2.12;1.3.5!compiler-bridge_2.12.jar (75ms)
2020.09.24 11:52:14 ERROR downloading https://repo1.maven.org/maven2/org/scala-sbt/zinc-classfile_2.12/1.3.5/zinc-classfile_2.12-1.3.5.jar ...
2020.09.24 11:52:14 ERROR 	[SUCCESSFUL ] org.scala-sbt#zinc-classfile_2.12;1.3.5!zinc-classfile_2.12.jar (61ms)
2020.09.24 11:52:14 ERROR downloading https://repo1.maven.org/maven2/com/jcraft/jsch/0.1.54/jsch-0.1.54.jar ...
2020.09.24 11:52:14 ERROR 	[SUCCESSFUL ] com.google.protobuf#protobuf-java;3.7.0!protobuf-java.jar(bundle) (474ms)
2020.09.24 11:52:14 ERROR downloading https://repo1.maven.org/maven2/com/eed3si9n/gigahorse-okhttp_2.12/0.5.0/gigahorse-okhttp_2.12-0.5.0.jar ...
2020.09.24 11:52:14 ERROR 	[SUCCESSFUL ] com.eed3si9n#gigahorse-okhttp_2.12;0.5.0!gigahorse-okhttp_2.12.jar (59ms)
2020.09.24 11:52:14 ERROR 	[SUCCESSFUL ] com.jcraft#jsch;0.1.54!jsch.jar (80ms)
2020.09.24 11:52:14 ERROR downloading https://repo1.maven.org/maven2/com/squareup/okhttp3/okhttp-urlconnection/3.7.0/okhttp-urlconnection-3.7.0.jar ...
2020.09.24 11:52:14 ERROR downloading https://repo1.maven.org/maven2/com/eed3si9n/gigahorse-core_2.12/0.5.0/gigahorse-core_2.12-0.5.0.jar ...
2020.09.24 11:52:14 ERROR 	[SUCCESSFUL ] net.java.dev.jna#jna-platform;5.5.0!jna-platform.jar (729ms)
2020.09.24 11:52:14 ERROR downloading https://repo1.maven.org/maven2/com/squareup/okhttp3/okhttp/3.14.2/okhttp-3.14.2.jar ...
2020.09.24 11:52:14 ERROR 	[SUCCESSFUL ] com.squareup.okhttp3#okhttp-urlconnection;3.7.0!okhttp-urlconnection.jar (49ms)
2020.09.24 11:52:14 ERROR downloading https://repo1.maven.org/maven2/com/typesafe/ssl-config-core_2.12/0.4.0/ssl-config-core_2.12-0.4.0.jar ...
2020.09.24 11:52:14 ERROR 	[SUCCESSFUL ] com.eed3si9n#gigahorse-core_2.12;0.5.0!gigahorse-core_2.12.jar (80ms)
2020.09.24 11:52:14 ERROR downloading https://repo1.maven.org/maven2/org/reactivestreams/reactive-streams/1.0.2/reactive-streams-1.0.2.jar ...
2020.09.24 11:52:14 ERROR 	[SUCCESSFUL ] org.reactivestreams#reactive-streams;1.0.2!reactive-streams.jar (51ms)
2020.09.24 11:52:14 ERROR 	[SUCCESSFUL ] com.typesafe#ssl-config-core_2.12;0.4.0!ssl-config-core_2.12.jar(bundle) (84ms)
2020.09.24 11:52:14 ERROR downloading https://repo1.maven.org/maven2/org/slf4j/slf4j-api/1.7.26/slf4j-api-1.7.26.jar ...
2020.09.24 11:52:14 ERROR downloading https://repo1.maven.org/maven2/org/scala-lang/modules/scala-parser-combinators_2.12/1.1.2/scala-parser-combinators_2.12-1.1.2.jar ...
2020.09.24 11:52:14 ERROR 	[SUCCESSFUL ] com.squareup.okhttp3#okhttp;3.14.2!okhttp.jar (119ms)
2020.09.24 11:52:14 ERROR downloading https://repo1.maven.org/maven2/com/typesafe/config/1.3.3/config-1.3.3.jar ...
2020.09.24 11:52:14 ERROR 	[SUCCESSFUL ] org.slf4j#slf4j-api;1.7.26!slf4j-api.jar (50ms)
2020.09.24 11:52:14 ERROR downloading https://repo1.maven.org/maven2/com/squareup/okio/okio/1.17.2/okio-1.17.2.jar ...
2020.09.24 11:52:14 ERROR 	[SUCCESSFUL ] org.scala-lang.modules#scala-parser-combinators_2.12;1.1.2!scala-parser-combinators_2.12.jar(bundle) (89ms)
2020.09.24 11:52:14 ERROR downloading https://repo1.maven.org/maven2/org/scala-sbt/zinc-core_2.12/1.3.5/zinc-core_2.12-1.3.5.jar ...
2020.09.24 11:52:14 ERROR 	[SUCCESSFUL ] com.squareup.okio#okio;1.17.2!okio.jar (59ms)
2020.09.24 11:52:14 ERROR 	[SUCCESSFUL ] com.typesafe#config;1.3.3!config.jar(bundle) (93ms)
2020.09.24 11:52:14 ERROR downloading https://repo1.maven.org/maven2/org/scala-sbt/zinc-persist_2.12/1.3.5/zinc-persist_2.12-1.3.5.jar ...
2020.09.24 11:52:14 ERROR downloading https://repo1.maven.org/maven2/org/scala-sbt/zinc-compile-core_2.12/1.3.5/zinc-compile-core_2.12-1.3.5.jar ...
2020.09.24 11:52:14 ERROR 	[SUCCESSFUL ] org.scala-sbt#zinc-compile-core_2.12;1.3.5!zinc-compile-core_2.12.jar (72ms)
2020.09.24 11:52:14 ERROR downloading https://repo1.maven.org/maven2/com/trueaccord/scalapb/scalapb-runtime_2.12/0.6.0/scalapb-runtime_2.12-0.6.0.jar ...
2020.09.24 11:52:14 ERROR 	[SUCCESSFUL ] org.scala-sbt#zinc-core_2.12;1.3.5!zinc-core_2.12.jar (152ms)
2020.09.24 11:52:14 ERROR downloading https://repo1.maven.org/maven2/com/trueaccord/lenses/lenses_2.12/0.4.12/lenses_2.12-0.4.12.jar ...
2020.09.24 11:52:15 ERROR 	[SUCCESSFUL ] com.trueaccord.lenses#lenses_2.12;0.4.12!lenses_2.12.jar (51ms)
2020.09.24 11:52:15 ERROR downloading https://repo1.maven.org/maven2/com/lihaoyi/fastparse_2.12/0.4.2/fastparse_2.12-0.4.2.jar ...
2020.09.24 11:52:15 ERROR 	[SUCCESSFUL ] com.lihaoyi#fastparse_2.12;0.4.2!fastparse_2.12.jar (101ms)
2020.09.24 11:52:15 ERROR downloading https://repo1.maven.org/maven2/com/lihaoyi/fastparse-utils_2.12/0.4.2/fastparse-utils_2.12-0.4.2.jar ...
2020.09.24 11:52:15 ERROR 	[SUCCESSFUL ] com.lihaoyi#fastparse-utils_2.12;0.4.2!fastparse-utils_2.12.jar (102ms)
2020.09.24 11:52:15 ERROR downloading https://repo1.maven.org/maven2/com/lihaoyi/sourcecode_2.12/0.1.3/sourcecode_2.12-0.1.3.jar ...
2020.09.24 11:52:15 ERROR 	[SUCCESSFUL ] com.trueaccord.scalapb#scalapb-runtime_2.12;0.6.0!scalapb-runtime_2.12.jar (317ms)
2020.09.24 11:52:15 ERROR 	[SUCCESSFUL ] org.scala-sbt#zinc-persist_2.12;1.3.5!zinc-persist_2.12.jar (393ms)
2020.09.24 11:52:15 ERROR downloading https://repo1.maven.org/maven2/org/scala-sbt/sbinary_2.12/0.5.0/sbinary_2.12-0.5.0.jar ...
2020.09.24 11:52:15 ERROR downloading https://repo1.maven.org/maven2/org/scala-sbt/core-macros_2.12/1.3.13/core-macros_2.12-1.3.13.jar ...
2020.09.24 11:52:15 ERROR 	[SUCCESSFUL ] com.lihaoyi#sourcecode_2.12;0.1.3!sourcecode_2.12.jar (65ms)
2020.09.24 11:52:15 ERROR 	[SUCCESSFUL ] org.scala-sbt#core-macros_2.12;1.3.13!core-macros_2.12.jar (62ms)
2020.09.24 11:52:15 ERROR downloading https://repo1.maven.org/maven2/org/scala-sbt/protocol_2.12/1.3.13/protocol_2.12-1.3.13.jar ...
2020.09.24 11:52:15 ERROR downloading https://repo1.maven.org/maven2/org/scala-sbt/template-resolver/0.1/template-resolver-0.1.jar ...
2020.09.24 11:52:15 ERROR 	[SUCCESSFUL ] org.scala-sbt#sbinary_2.12;0.5.0!sbinary_2.12.jar (78ms)
2020.09.24 11:52:15 ERROR downloading https://repo1.maven.org/maven2/org/scala-sbt/ipcsocket/ipcsocket/1.0.1/ipcsocket-1.0.1.jar ...
2020.09.24 11:52:15 ERROR 	[SUCCESSFUL ] org.scala-sbt#template-resolver;0.1!template-resolver.jar (50ms)
2020.09.24 11:52:15 ERROR downloading https://repo1.maven.org/maven2/org/scala-sbt/util-scripted_2.12/1.3.3/util-scripted_2.12-1.3.3.jar ...
2020.09.24 11:52:15 ERROR 	[SUCCESSFUL ] org.scala-sbt.ipcsocket#ipcsocket;1.0.1!ipcsocket.jar (49ms)
2020.09.24 11:52:15 ERROR downloading https://repo1.maven.org/maven2/com/github/cb372/scalacache-core_2.12/0.20.0/scalacache-core_2.12-0.20.0.jar ...
2020.09.24 11:52:15 ERROR 	[SUCCESSFUL ] org.scala-sbt#util-scripted_2.12;1.3.3!util-scripted_2.12.jar (55ms)
2020.09.24 11:52:15 ERROR downloading https://repo1.maven.org/maven2/com/github/ben-manes/caffeine/caffeine/2.5.6/caffeine-2.5.6.jar ...
2020.09.24 11:52:15 ERROR 	[SUCCESSFUL ] org.scala-sbt#protocol_2.12;1.3.13!protocol_2.12.jar (123ms)
2020.09.24 11:52:15 ERROR downloading https://repo1.maven.org/maven2/org/scala-sbt/ivy/ivy/2.3.0-sbt-839fad1cdc07cf6fc81364d74c323867230432ad/ivy-2.3.0-sbt-839fad1cdc07cf6fc81364d74c323867230432ad.jar ...
2020.09.24 11:52:15 ERROR 	[SUCCESSFUL ] com.github.cb372#scalacache-core_2.12;0.20.0!scalacache-core_2.12.jar (162ms)
2020.09.24 11:52:15 ERROR 	[SUCCESSFUL ] org.scala-lang#scala-compiler;2.12.10!scala-compiler.jar (1653ms)
2020.09.24 11:52:15 ERROR 	[SUCCESSFUL ] com.github.ben-manes.caffeine#caffeine;2.5.6!caffeine.jar (275ms)
2020.09.24 11:52:15 ERROR 	[SUCCESSFUL ] org.scala-sbt.ivy#ivy;2.3.0-sbt-839fad1cdc07cf6fc81364d74c323867230432ad!ivy.jar (456ms)
2020.09.24 11:52:15 ERROR :: retrieving :: org.scala-sbt#boot-app
2020.09.24 11:52:15 ERROR 	confs: [default]
2020.09.24 11:52:17 ERROR 	81 artifacts copied, 0 already retrieved
2020.09.24 11:52:17 ERROR [info] [launcher] getting Scala 2.12.10 (for sbt)...
2020.09.24 11:52:20 ERROR downloading https://repo1.maven.org/maven2/org/fusesource/jansi/jansi/1.12/jansi-1.12.jar ...
2020.09.24 11:52:20 ERROR downloading https://repo1.maven.org/maven2/org/scala-lang/modules/scala-xml_2.12/1.0.6/scala-xml_2.12-1.0.6.jar ...
2020.09.24 11:52:20 ERROR 	[SUCCESSFUL ] org.fusesource.jansi#jansi;1.12!jansi.jar (82ms)
2020.09.24 11:52:20 ERROR 	[SUCCESSFUL ] org.scala-lang.modules#scala-xml_2.12;1.0.6!scala-xml_2.12.jar(bundle) (119ms)
2020.09.24 11:52:20 ERROR :: retrieving :: org.scala-sbt#boot-scala
2020.09.24 11:52:20 ERROR 	confs: [default]
2020.09.24 11:52:20 ERROR 	6 artifacts copied, 0 already retrieved
2020.09.24 11:52:24 INFO  [info] Updated file /h/d8/u/ca1734ma-s/Prog/pgk/w04/lab/project/build.properties: set sbt.version to 1.3.13
2020.09.24 11:52:24 INFO  [info] welcome to sbt 1.3.13 (AdoptOpenJDK Java 11.0.4)
2020.09.24 11:52:25 INFO  skipping build import with status 'Dismissed'
2020.09.24 11:52:28 INFO  [info] loading settings for project lab-build-build from metals.sbt ...
2020.09.24 11:52:28 INFO  [info] loading project definition from /h/d8/u/ca1734ma-s/Prog/pgk/w04/lab/project/project
2020.09.24 11:52:37 INFO  [warn] There may be incompatibilities among your library dependencies; run 'evicted' to see detailed eviction warnings.
2020.09.24 11:52:40 INFO  [info] loading settings for project lab-build from metals.sbt ...
2020.09.24 11:52:40 INFO  [info] loading project definition from /h/d8/u/ca1734ma-s/Prog/pgk/w04/lab/project
2020.09.24 11:52:42 INFO  [warn] There may be incompatibilities among your library dependencies; run 'evicted' to see detailed eviction warnings.
2020.09.24 11:52:45 INFO  [success] Generated .bloop/lab-build.json
2020.09.24 11:52:45 INFO  [success] Total time: 5 s, completed Sep 24, 2020, 11:52:45 AM
2020.09.24 11:52:47 INFO  [info] loading settings for project lab from build.sbt ...
2020.09.24 11:52:47 INFO  [info] set current project to lab (in build file:/h/d8/u/ca1734ma-s/Prog/pgk/w04/lab/)
2020.09.24 11:52:50 INFO  [success] Generated .bloop/lab-test.json
2020.09.24 11:52:50 INFO  [success] Generated .bloop/lab.json
2020.09.24 11:52:50 INFO  [success] Total time: 3 s, completed Sep 24, 2020, 11:52:51 AM
2020.09.24 11:52:51 INFO  time: ran 'sbt bloopInstall' in 1m3s
2020.09.24 11:52:50 INFO  build tool exit: 0
Starting the bsp launcher for bloop...
Opening a bsp server connection with 'bsp --protocol local --socket /tmp/bsp-launcher9768975464940948236/bsp.socket'...
Waiting for the bsp connection to come up...
Waiting for the bsp connection to come up...
Waiting for the bsp connection to come up...
Waiting for the bsp connection to come up...
Waiting for the bsp connection to come up...
Waiting for the bsp connection to come up...
Waiting for the bsp connection to come up...
No server running at 127.0.0.1:8212, let's fire one...
Resolving ch.epfl.scala:bloop-frontend_2.12:1.4.4-13-408f4d80...
Starting bloop server at 127.0.0.1:8212...
Attempting a connection to the server...
Attempting a connection to the server...
Attempting a connection to the server...
Attempting a connection to the server...
Attempting a connection to the server...
[0m[32m[D][0m Loading 2 projects from '/h/d8/u/ca1734ma-s/Prog/pgk/w04/lab/.bloop'...
[0m[32m[D][0m Loading project from '/h/d8/u/ca1734ma-s/Prog/pgk/w04/lab/.bloop/lab.json'
[0m[32m[D][0m Loading project from '/h/d8/u/ca1734ma-s/Prog/pgk/w04/lab/.bloop/lab-test.json'
[0m[32m[D][0m Cache miss for scala instance org.scala-lang:scala-compiler:2.13.3.
[0m[32m[D][0m   => /h/d8/u/ca1734ma-s/.cache/coursier/v1/https/repo1.maven.org/maven2/net/java/dev/jna/jna/5.3.1/jna-5.3.1.jar
[0m[32m[D][0m   => /h/d8/u/ca1734ma-s/.cache/coursier/v1/https/repo1.maven.org/maven2/org/jline/jline/3.15.0/jline-3.15.0.jar
[0m[32m[D][0m   => /h/d8/u/ca1734ma-s/.cache/coursier/v1/https/repo1.maven.org/maven2/org/scala-lang/scala-compiler/2.13.3/scala-compiler-2.13.3.jar
[0m[32m[D][0m   => /h/d8/u/ca1734ma-s/.cache/coursier/v1/https/repo1.maven.org/maven2/org/scala-lang/scala-library/2.13.3/scala-library-2.13.3.jar
[0m[32m[D][0m   => /h/d8/u/ca1734ma-s/.cache/coursier/v1/https/repo1.maven.org/maven2/org/scala-lang/scala-reflect/2.13.3/scala-reflect-2.13.3.jar
[0m[32m[D][0m Missing analysis file for project 'lab'
[0m[32m[D][0m Missing analysis file for project 'lab-test'
[0m[32m[D][0m Waiting for a connection at local:///tmp/bsp-launcher9768975464940948236/bsp.socket...
The server is listening for incoming connections at local:///tmp/bsp-launcher9768975464940948236/bsp.socket...
Starting thread that pumps stdin and redirects it to the bsp server...
Starting thread that pumps server stdout and redirects it to the client stdout...
2020.09.24 11:52:57 INFO  tracing is disabled for protocol BSP, to enable tracing of incoming and outgoing JSON messages create an empty file at /h/d8/u/ca1734ma-s/.cache/metals/bsp.trace.json
Starting the bsp launcher for bloop...
Opening a bsp server connection with 'bsp --protocol local --socket /tmp/bsp-launcher721866992798650832/bsp.socket'...
Waiting for the bsp connection to come up...
[0m[32m[D][0m Loading workspace settings from bloop.settings.json
[0m[32m[D][0m Waiting for a connection at local:///tmp/bsp-launcher721866992798650832/bsp.socket...
The server is listening for incoming connections at local:///tmp/bsp-launcher721866992798650832/bsp.socket...
Starting thread that pumps stdin and redirects it to the bsp server...
Starting thread that pumps server stdout and redirects it to the client stdout...
2020.09.24 11:53:00 INFO  tracing is disabled for protocol BSP, to enable tracing of incoming and outgoing JSON messages create an empty file at /h/d8/u/ca1734ma-s/.cache/metals/bsp.trace.json
2020.09.24 11:53:00 INFO  time: connected to build server in 9.66s
2020.09.24 11:53:00 INFO  Connected to Build server v1.4.4-13-408f4d80
2020.09.24 11:53:00 INFO  time: imported build in 0.11s
2020.09.24 11:53:01 WARN  Could not find java sources in None. Java symbols will not be available.
2020.09.24 11:53:03 INFO  time: indexed workspace in 2.96s
2020.09.24 11:53:04 INFO  compiling lab (1 scala source)
2020.09.24 11:53:15 INFO  compiling lab-test (1 scala source)
2020.09.24 11:53:15 INFO  time: compiled lab in 11s
2020.09.24 11:53:15 INFO  time: compiled lab-test in 0.46s
2020.09.24 11:55:53 INFO  skipping build import with status 'Installed'
2020.09.24 11:58:38 INFO  skipping build import with status 'Installed'
2020.09.24 11:58:38 INFO  compiling lab (1 scala source)
2020.09.24 11:58:38 INFO  time: compiled lab in 0.85s
2020.09.24 11:58:38 INFO  compiling lab-test (1 scala source)
2020.09.24 11:58:40 INFO  time: compiled lab-test in 0.38s
2020.09.24 11:58:54 INFO  skipping build import with status 'Installed'
2020.09.24 11:58:54 INFO  compiling lab (1 scala source)
2020.09.24 11:58:55 INFO  time: compiled lab in 1.03s
2020.09.24 11:58:55 INFO  compiling lab-test (1 scala source)
2020.09.24 11:58:55 INFO  time: compiled lab-test in 0.29s
2020.09.24 11:59:59 INFO  shutting down Metals
No more data in the client stdin, exiting...
No more data in the server stdin, exiting...
No more data in the server stdin, exiting...
No more data in the client stdin, exiting...
No more data in the server stdin, exiting...
2020.09.24 15:09:48 INFO  started: Metals version 0.9.4 in workspace '/h/d8/u/ca1734ma-s/Prog/pgk/w04/lab' for client vscode.
2020.09.24 15:09:50 INFO  time: initialize in 2.31s
Starting the bsp launcher for bloop...
Opening a bsp server connection with 'bsp --protocol local --socket /tmp/bsp-launcher7699415706157337879/bsp.socket'...
Waiting for the bsp connection to come up...
2020.09.24 15:09:51 INFO  skipping build import with status 'Installed'
Waiting for the bsp connection to come up...
Waiting for the bsp connection to come up...
Waiting for the bsp connection to come up...
Waiting for the bsp connection to come up...
Waiting for the bsp connection to come up...
2020.09.24 15:09:57 INFO  no build target: using presentation compiler with only scala-library
2020.09.24 15:09:57 WARN  no build target for: /h/d8/u/ca1734ma-s/Prog/pgk/w04/lab/blockmole.scala
Waiting for the bsp connection to come up...
Waiting for the bsp connection to come up...
No server running at 127.0.0.1:8212, let's fire one...
Resolving ch.epfl.scala:bloop-frontend_2.12:1.4.4-13-408f4d80...
Starting bloop server at 127.0.0.1:8212...
Attempting a connection to the server...
Attempting a connection to the server...
Attempting a connection to the server...
Attempting a connection to the server...
Attempting a connection to the server...
Attempting a connection to the server...
Attempting a connection to the server...
Attempting a connection to the server...
Attempting a connection to the server...
Attempting a connection to the server...
Attempting a connection to the server...
Attempting a connection to the server...
[0m[32m[D][0m Loading workspace settings from bloop.settings.json
[0m[32m[D][0m Loading 2 projects from '/h/d8/u/ca1734ma-s/Prog/pgk/w04/lab/.bloop'...
[0m[32m[D][0m Loading project from '/h/d8/u/ca1734ma-s/Prog/pgk/w04/lab/.bloop/lab.json'
[0m[32m[D][0m Loading project from '/h/d8/u/ca1734ma-s/Prog/pgk/w04/lab/.bloop/lab-test.json'
[0m[32m[D][0m Cache miss for scala instance org.scala-lang:scala-compiler:2.13.3.
[0m[32m[D][0m   => /h/d8/u/ca1734ma-s/.cache/coursier/v1/https/repo1.maven.org/maven2/net/java/dev/jna/jna/5.3.1/jna-5.3.1.jar
[0m[32m[D][0m   => /h/d8/u/ca1734ma-s/.cache/coursier/v1/https/repo1.maven.org/maven2/org/jline/jline/3.15.0/jline-3.15.0.jar
[0m[32m[D][0m   => /h/d8/u/ca1734ma-s/.cache/coursier/v1/https/repo1.maven.org/maven2/org/scala-lang/scala-compiler/2.13.3/scala-compiler-2.13.3.jar
[0m[32m[D][0m   => /h/d8/u/ca1734ma-s/.cache/coursier/v1/https/repo1.maven.org/maven2/org/scala-lang/scala-library/2.13.3/scala-library-2.13.3.jar
[0m[32m[D][0m   => /h/d8/u/ca1734ma-s/.cache/coursier/v1/https/repo1.maven.org/maven2/org/scala-lang/scala-reflect/2.13.3/scala-reflect-2.13.3.jar
[0m[32m[D][0m Configured SemanticDB in projects 'lab', 'lab-test'
[0m[32m[D][0m Loading previous analysis for 'lab' from '/h/d8/u/ca1734ma-s/Prog/pgk/w04/lab/target/streams/compile/bloopAnalysisOut/_global/streams/inc_compile_2.13.zip'.
[0m[32m[D][0m Loading previous analysis for 'lab-test' from '/h/d8/u/ca1734ma-s/Prog/pgk/w04/lab/target/streams/test/bloopAnalysisOut/_global/streams/inc_compile_2.13.zip'.
[0m[32m[D][0m Waiting for a connection at local:///tmp/bsp-launcher7699415706157337879/bsp.socket...
The server is listening for incoming connections at local:///tmp/bsp-launcher7699415706157337879/bsp.socket...
Starting thread that pumps stdin and redirects it to the bsp server...
Starting thread that pumps server stdout and redirects it to the client stdout...
2020.09.24 15:09:59 INFO  tracing is disabled for protocol BSP, to enable tracing of incoming and outgoing JSON messages create an empty file at /h/d8/u/ca1734ma-s/.cache/metals/bsp.trace.json
Starting the bsp launcher for bloop...
Opening a bsp server connection with 'bsp --protocol local --socket /tmp/bsp-launcher9640832438950050595/bsp.socket'...
Waiting for the bsp connection to come up...
[0m[32m[D][0m Loading workspace settings from bloop.settings.json
[0m[32m[D][0m Waiting for a connection at local:///tmp/bsp-launcher9640832438950050595/bsp.socket...
The server is listening for incoming connections at local:///tmp/bsp-launcher9640832438950050595/bsp.socket...
Starting thread that pumps stdin and redirects it to the bsp server...
Starting thread that pumps server stdout and redirects it to the client stdout...
2020.09.24 15:10:00 INFO  tracing is disabled for protocol BSP, to enable tracing of incoming and outgoing JSON messages create an empty file at /h/d8/u/ca1734ma-s/.cache/metals/bsp.trace.json
2020.09.24 15:10:00 INFO  time: connected to build server in 8.78s
2020.09.24 15:10:00 INFO  Connected to Build server v1.4.4-13-408f4d80
2020.09.24 15:10:00 INFO  time: imported build in 0.22s
2020.09.24 15:10:02 WARN  Could not find java sources in None. Java symbols will not be available.
2020.09.24 15:10:02 INFO  time: indexed workspace in 2.06s
2020.09.24 15:10:03 INFO  compiling lab (1 scala source)
2020.09.24 15:10:07 INFO  compiling lab-test (1 scala source)
2020.09.24 15:10:07 INFO  time: compiled lab in 4.1s
2020.09.24 15:10:07 INFO  time: compiled lab-test in 0.74s
Sep 24, 2020 3:19:19 PM org.eclipse.lsp4j.jsonrpc.RemoteEndpoint handleCancellation
WARNING: Unmatched cancel notification for request id 80
Sep 24, 2020 3:19:19 PM org.eclipse.lsp4j.jsonrpc.RemoteEndpoint handleCancellation
WARNING: Unmatched cancel notification for request id 82
Sep 24, 2020 3:19:20 PM org.eclipse.lsp4j.jsonrpc.RemoteEndpoint handleCancellation
WARNING: Unmatched cancel notification for request id 86
something's wrong: no file:///h/d8/u/ca1734ma-s/Prog/pgk/w04/lab/blockmole.scala in (Int, <error>)RangePosition(file:///h/d8/u/ca1734ma-s/Prog/pgk/w04/lab/blockmole.scala, 555, 555, 570)
2020.09.24 15:21:43 INFO  skipping build import with status 'Installed'
2020.09.24 15:21:43 INFO  compiling lab (1 scala source)
2020.09.24 15:21:43 INFO  time: compiled lab in 0.42s
2020.09.24 15:22:00 INFO  skipping build import with status 'Installed'
2020.09.24 15:22:00 INFO  compiling lab (1 scala source)
2020.09.24 15:22:00 INFO  time: compiled lab in 0.22s
2020.09.24 15:22:04 INFO  skipping build import with status 'Installed'
2020.09.24 15:22:04 INFO  compiling lab (1 scala source)
2020.09.24 15:22:04 INFO  time: compiled lab in 0.21s
2020.09.24 15:23:12 INFO  skipping build import with status 'Installed'
2020.09.24 15:23:12 INFO  compiling lab (1 scala source)
2020.09.24 15:23:12 INFO  time: compiled lab in 0.12s
2020.09.24 15:23:19 INFO  skipping build import with status 'Installed'
2020.09.24 15:23:19 INFO  compiling lab (1 scala source)
2020.09.24 15:23:19 INFO  time: compiled lab in 0.22s
2020.09.24 15:23:26 INFO  skipping build import with status 'Installed'
2020.09.24 15:23:26 INFO  compiling lab (1 scala source)
2020.09.24 15:23:27 INFO  time: compiled lab in 1.07s
2020.09.24 15:23:27 INFO  compiling lab-test (1 scala source)
2020.09.24 15:23:27 INFO  time: compiled lab-test in 0.6s
2020.09.24 15:34:14 INFO  skipping build import with status 'Installed'
2020.09.24 15:34:14 INFO  compiling lab (1 scala source)
2020.09.24 15:34:15 WARN  1 deprecation (since 2.13.0); re-run with -deprecation for details
2020.09.24 15:34:15 INFO  time: compiled lab in 1.24s
2020.09.24 15:34:15 INFO  compiling lab-test (1 scala source)
2020.09.24 15:34:15 WARN  1 deprecation (since 2.13.0); re-run with -deprecation for details
2020.09.24 15:34:15 INFO  time: compiled lab-test in 0.59s
2020.09.24 15:36:19 INFO  skipping build import with status 'Installed'
2020.09.24 15:36:19 INFO  compiling lab (1 scala source)
2020.09.24 15:36:20 WARN  1 deprecation (since 2.13.0); re-run with -deprecation for details
2020.09.24 15:36:20 INFO  compiling lab-test (1 scala source)
2020.09.24 15:36:20 INFO  time: compiled lab in 1.1s
2020.09.24 15:36:20 WARN  1 deprecation (since 2.13.0); re-run with -deprecation for details
2020.09.24 15:36:20 INFO  time: compiled lab-test in 0.5s
2020.09.24 15:36:56 INFO  skipping build import with status 'Installed'
2020.09.24 15:36:56 INFO  compiling lab (1 scala source)
2020.09.24 15:36:56 WARN  1 deprecation (since 2.13.0); re-run with -deprecation for details
2020.09.24 15:36:56 INFO  time: compiled lab in 0.99s
2020.09.24 15:36:56 INFO  compiling lab-test (1 scala source)
2020.09.24 15:36:58 WARN  1 deprecation (since 2.13.0); re-run with -deprecation for details
2020.09.24 15:36:58 INFO  time: compiled lab-test in 0.46s
2020.09.24 15:38:13 INFO  skipping build import with status 'Installed'
2020.09.24 15:38:13 INFO  compiling lab (1 scala source)
2020.09.24 15:38:14 WARN  1 deprecation (since 2.13.0); re-run with -deprecation for details
2020.09.24 15:38:14 INFO  time: compiled lab in 1.24s
2020.09.24 15:38:14 INFO  compiling lab-test (1 scala source)
2020.09.24 15:38:14 WARN  1 deprecation (since 2.13.0); re-run with -deprecation for details
2020.09.24 15:38:14 INFO  time: compiled lab-test in 0.41s
2020.09.24 15:42:11 INFO  skipping build import with status 'Installed'
2020.09.24 15:42:11 INFO  compiling lab (1 scala source)
2020.09.24 15:42:11 WARN  1 deprecation (since 2.13.0); re-run with -deprecation for details
2020.09.24 15:42:11 INFO  compiling lab-test (1 scala source)
2020.09.24 15:42:11 INFO  time: compiled lab in 0.94s
2020.09.24 15:42:13 WARN  1 deprecation (since 2.13.0); re-run with -deprecation for details
2020.09.24 15:42:13 INFO  time: compiled lab-test in 0.41s
2020.09.24 15:42:18 INFO  skipping build import with status 'Installed'
2020.09.24 15:42:18 INFO  compiling lab (1 scala source)
2020.09.24 15:42:18 WARN  1 deprecation (since 2.13.0); re-run with -deprecation for details
2020.09.24 15:42:18 INFO  time: compiled lab in 0.92s
2020.09.24 15:42:18 INFO  compiling lab-test (1 scala source)
2020.09.24 15:42:19 WARN  1 deprecation (since 2.13.0); re-run with -deprecation for details
2020.09.24 15:42:19 INFO  time: compiled lab-test in 0.37s
Sep 24, 2020 3:45:13 PM scala.meta.internal.pc.CompilerAccess retryWithCleanCompiler
INFO: compiler crashed due to an error in the Scala compiler, retrying with new compiler instance.
Sep 24, 2020 3:45:13 PM scala.meta.internal.pc.CompilerAccess handleError
SEVERE: null
java.lang.NullPointerException
	at scala.reflect.internal.Definitions$DefinitionsClass.isByNameParamType(Definitions.scala:419)
	at scala.reflect.internal.TreeInfo.isStableIdent(TreeInfo.scala:136)
	at scala.reflect.internal.TreeInfo.isStableIdentifier(TreeInfo.scala:109)
	at scala.reflect.internal.TreeInfo.isPath(TreeInfo.scala:98)
	at scala.tools.nsc.interactive.Global.stabilizedType(Global.scala:963)
	at scala.tools.nsc.interactive.Global.typedTreeAt(Global.scala:811)
	at scala.meta.internal.pc.SignatureHelpProvider.signatureHelp(SignatureHelpProvider.scala:23)

2020.09.24 15:57:47 INFO  skipping build import with status 'Installed'
2020.09.24 15:57:47 INFO  compiling lab (1 scala source)
2020.09.24 15:57:49 WARN  1 deprecation (since 2.13.0); re-run with -deprecation for details
2020.09.24 15:57:49 INFO  time: compiled lab in 1.34s
2020.09.24 15:57:49 INFO  compiling lab-test (1 scala source)
2020.09.24 15:57:49 WARN  1 deprecation (since 2.13.0); re-run with -deprecation for details
2020.09.24 15:57:49 INFO  time: compiled lab-test in 0.58s
2020.09.24 16:04:01 INFO  skipping build import with status 'Installed'
2020.09.24 16:04:02 INFO  compiling lab (1 scala source)
2020.09.24 16:04:03 WARN  1 deprecation (since 2.13.0); re-run with -deprecation for details
2020.09.24 16:04:03 INFO  compiling lab-test (1 scala source)
2020.09.24 16:04:03 INFO  time: compiled lab in 1.06s
2020.09.24 16:04:03 WARN  1 deprecation (since 2.13.0); re-run with -deprecation for details
2020.09.24 16:04:03 INFO  time: compiled lab-test in 0.43s
2020.09.24 16:04:38 INFO  skipping build import with status 'Installed'
2020.09.24 16:04:38 INFO  compiling lab (1 scala source)
2020.09.24 16:04:38 WARN  1 deprecation (since 2.13.0); re-run with -deprecation for details
2020.09.24 16:04:38 INFO  compiling lab-test (1 scala source)
2020.09.24 16:04:38 INFO  time: compiled lab in 0.97s
2020.09.24 16:04:40 WARN  1 deprecation (since 2.13.0); re-run with -deprecation for details
2020.09.24 16:04:40 INFO  time: compiled lab-test in 0.44s
2020.09.24 16:05:12 INFO  skipping build import with status 'Installed'
2020.09.24 16:05:12 INFO  compiling lab (1 scala source)
2020.09.24 16:05:12 WARN  1 deprecation (since 2.13.0); re-run with -deprecation for details
2020.09.24 16:05:13 INFO  compiling lab-test (1 scala source)
2020.09.24 16:05:13 INFO  time: compiled lab in 1.03s
2020.09.24 16:05:13 WARN  1 deprecation (since 2.13.0); re-run with -deprecation for details
2020.09.24 16:05:13 INFO  time: compiled lab-test in 0.41s
2020.09.24 16:06:38 INFO  skipping build import with status 'Installed'
2020.09.24 16:06:38 INFO  compiling lab (1 scala source)
2020.09.24 16:06:38 WARN  1 deprecation (since 2.13.0); re-run with -deprecation for details
2020.09.24 16:06:38 INFO  time: compiled lab in 0.94s
2020.09.24 16:06:38 INFO  compiling lab-test (1 scala source)
2020.09.24 16:06:40 WARN  1 deprecation (since 2.13.0); re-run with -deprecation for details
2020.09.24 16:06:40 INFO  time: compiled lab-test in 0.43s
2020.09.24 16:06:43 INFO  skipping build import with status 'Installed'
2020.09.24 16:10:19 INFO  skipping build import with status 'Installed'
2020.09.24 16:10:19 INFO  compiling lab (1 scala source)
2020.09.24 16:10:19 INFO  time: compiled lab in 0.16s
2020.09.24 16:10:43 INFO  skipping build import with status 'Installed'
2020.09.24 16:10:43 INFO  compiling lab (1 scala source)
2020.09.24 16:10:43 WARN  1 deprecation (since 2.13.0); re-run with -deprecation for details
2020.09.24 16:10:43 INFO  time: compiled lab in 0.97s
2020.09.24 16:10:43 INFO  compiling lab-test (1 scala source)
2020.09.24 16:10:45 WARN  1 deprecation (since 2.13.0); re-run with -deprecation for details
2020.09.24 16:10:45 INFO  time: compiled lab-test in 0.47s
Sep 24, 2020 4:11:22 PM org.eclipse.lsp4j.jsonrpc.RemoteEndpoint handleCancellation
WARNING: Unmatched cancel notification for request id 4536
2020.09.24 16:11:28 INFO  skipping build import with status 'Installed'
2020.09.24 16:11:28 INFO  compiling lab (1 scala source)
2020.09.24 16:11:28 WARN  1 deprecation (since 2.13.0); re-run with -deprecation for details
2020.09.24 16:11:28 INFO  compiling lab-test (1 scala source)
2020.09.24 16:11:28 INFO  time: compiled lab in 0.97s
2020.09.24 16:11:29 WARN  1 deprecation (since 2.13.0); re-run with -deprecation for details
2020.09.24 16:11:29 INFO  time: compiled lab-test in 0.39s
2020.09.24 16:12:24 INFO  skipping build import with status 'Installed'
2020.09.24 16:12:24 INFO  compiling lab (1 scala source)
2020.09.24 16:12:25 WARN  1 deprecation (since 2.13.0); re-run with -deprecation for details
2020.09.24 16:12:25 INFO  time: compiled lab in 1.1s
2020.09.24 16:12:25 INFO  compiling lab-test (1 scala source)
2020.09.24 16:12:25 WARN  1 deprecation (since 2.13.0); re-run with -deprecation for details
2020.09.24 16:12:25 INFO  time: compiled lab-test in 0.4s
2020.09.24 16:13:45 INFO  skipping build import with status 'Installed'
2020.09.24 16:13:45 INFO  compiling lab (1 scala source)
2020.09.24 16:13:45 INFO  time: compiled lab in 0.15s
2020.09.24 16:16:52 INFO  skipping build import with status 'Installed'
2020.09.24 16:16:52 INFO  compiling lab (1 scala source)
2020.09.24 16:16:52 WARN  1 deprecation (since 2.13.0); re-run with -deprecation for details
2020.09.24 16:16:52 INFO  time: compiled lab in 0.9s
2020.09.24 16:16:52 INFO  compiling lab-test (1 scala source)
2020.09.24 16:16:54 WARN  1 deprecation (since 2.13.0); re-run with -deprecation for details
2020.09.24 16:16:54 INFO  time: compiled lab-test in 0.36s
2020.09.24 16:18:07 INFO  skipping build import with status 'Installed'
2020.09.24 16:18:07 INFO  compiling lab (1 scala source)
2020.09.24 16:18:07 WARN  1 deprecation (since 2.13.0); re-run with -deprecation for details
2020.09.24 16:18:07 INFO  compiling lab-test (1 scala source)
2020.09.24 16:18:07 INFO  time: compiled lab in 0.94s
2020.09.24 16:18:08 WARN  1 deprecation (since 2.13.0); re-run with -deprecation for details
2020.09.24 16:18:08 INFO  time: compiled lab-test in 0.41s
2020.09.24 16:19:18 INFO  skipping build import with status 'Installed'
2020.09.24 16:19:18 INFO  compiling lab (1 scala source)
2020.09.24 16:19:18 WARN  1 deprecation (since 2.13.0); re-run with -deprecation for details
2020.09.24 16:19:18 INFO  time: compiled lab in 0.91s
2020.09.24 16:19:18 INFO  compiling lab-test (1 scala source)
2020.09.24 16:19:19 WARN  1 deprecation (since 2.13.0); re-run with -deprecation for details
2020.09.24 16:19:19 INFO  time: compiled lab-test in 0.41s
2020.09.24 16:19:54 INFO  skipping build import with status 'Installed'
2020.09.24 16:19:54 INFO  compiling lab (1 scala source)
2020.09.24 16:19:54 WARN  1 deprecation (since 2.13.0); re-run with -deprecation for details
2020.09.24 16:19:54 INFO  time: compiled lab in 0.98s
2020.09.24 16:19:54 INFO  compiling lab-test (1 scala source)
2020.09.24 16:19:55 WARN  1 deprecation (since 2.13.0); re-run with -deprecation for details
2020.09.24 16:19:55 INFO  time: compiled lab-test in 0.35s
2020.09.24 16:20:36 INFO  skipping build import with status 'Installed'
2020.09.24 16:20:36 INFO  compiling lab (1 scala source)
2020.09.24 16:20:37 WARN  1 deprecation (since 2.13.0); re-run with -deprecation for details
2020.09.24 16:20:37 INFO  compiling lab-test (1 scala source)
2020.09.24 16:20:37 INFO  time: compiled lab in 1.2s
2020.09.24 16:20:37 WARN  1 deprecation (since 2.13.0); re-run with -deprecation for details
2020.09.24 16:20:37 INFO  time: compiled lab-test in 0.33s
2020.09.24 16:21:12 INFO  skipping build import with status 'Installed'
2020.09.24 16:21:12 INFO  compiling lab (1 scala source)
2020.09.24 16:21:13 WARN  1 deprecation (since 2.13.0); re-run with -deprecation for details
2020.09.24 16:21:13 INFO  time: compiled lab in 1.42s
2020.09.24 16:21:13 INFO  compiling lab-test (1 scala source)
2020.09.24 16:21:13 WARN  1 deprecation (since 2.13.0); re-run with -deprecation for details
2020.09.24 16:21:13 INFO  time: compiled lab-test in 0.64s
2020.09.24 16:21:57 INFO  skipping build import with status 'Installed'
2020.09.24 16:21:57 INFO  compiling lab (1 scala source)
2020.09.24 16:21:58 WARN  1 deprecation (since 2.13.0); re-run with -deprecation for details
2020.09.24 16:21:58 INFO  time: compiled lab in 1.67s
2020.09.24 16:21:58 INFO  compiling lab-test (1 scala source)
2020.09.24 16:21:58 WARN  1 deprecation (since 2.13.0); re-run with -deprecation for details
2020.09.24 16:21:58 INFO  time: compiled lab-test in 0.59s
2020.09.24 16:25:04 INFO  skipping build import with status 'Installed'
2020.09.24 16:25:04 INFO  compiling lab (1 scala source)
2020.09.24 16:25:04 WARN  1 deprecation (since 2.13.0); re-run with -deprecation for details
2020.09.24 16:25:04 INFO  compiling lab-test (1 scala source)
2020.09.24 16:25:04 INFO  time: compiled lab in 0.93s
2020.09.24 16:25:05 WARN  1 deprecation (since 2.13.0); re-run with -deprecation for details
2020.09.24 16:25:05 INFO  time: compiled lab-test in 0.42s
2020.09.24 16:25:15 INFO  skipping build import with status 'Installed'
2020.09.24 16:25:15 INFO  compiling lab (1 scala source)
2020.09.24 16:25:16 WARN  1 deprecation (since 2.13.0); re-run with -deprecation for details
2020.09.24 16:25:16 INFO  time: compiled lab in 1.04s
2020.09.24 16:25:16 INFO  compiling lab-test (1 scala source)
2020.09.24 16:25:16 WARN  1 deprecation (since 2.13.0); re-run with -deprecation for details
2020.09.24 16:25:16 INFO  time: compiled lab-test in 0.53s
2020.09.24 16:26:08 INFO  skipping build import with status 'Installed'
2020.09.24 16:26:08 INFO  compiling lab (1 scala source)
2020.09.24 16:26:08 WARN  1 deprecation (since 2.13.0); re-run with -deprecation for details
2020.09.24 16:26:08 INFO  compiling lab-test (1 scala source)
2020.09.24 16:26:08 INFO  time: compiled lab in 0.9s
2020.09.24 16:26:09 WARN  1 deprecation (since 2.13.0); re-run with -deprecation for details
2020.09.24 16:26:09 INFO  time: compiled lab-test in 0.38s
2020.09.24 16:26:51 INFO  skipping build import with status 'Installed'
2020.09.24 16:26:51 INFO  compiling lab (1 scala source)
2020.09.24 16:26:51 WARN  1 deprecation (since 2.13.0); re-run with -deprecation for details
2020.09.24 16:26:51 INFO  compiling lab-test (1 scala source)
2020.09.24 16:26:51 INFO  time: compiled lab in 0.93s
2020.09.24 16:26:52 WARN  1 deprecation (since 2.13.0); re-run with -deprecation for details
2020.09.24 16:26:52 INFO  time: compiled lab-test in 0.34s
2020.09.24 16:28:08 INFO  skipping build import with status 'Installed'
2020.09.24 16:28:08 INFO  compiling lab (1 scala source)
2020.09.24 16:28:08 WARN  1 deprecation (since 2.13.0); re-run with -deprecation for details
2020.09.24 16:28:08 INFO  compiling lab-test (1 scala source)
2020.09.24 16:28:08 INFO  time: compiled lab in 0.89s
2020.09.24 16:28:10 WARN  1 deprecation (since 2.13.0); re-run with -deprecation for details
2020.09.24 16:28:10 INFO  time: compiled lab-test in 0.32s
2020.09.24 16:28:17 INFO  skipping build import with status 'Installed'
2020.09.24 16:28:17 INFO  compiling lab (1 scala source)
2020.09.24 16:28:17 WARN  1 deprecation (since 2.13.0); re-run with -deprecation for details
2020.09.24 16:28:17 INFO  compiling lab-test (1 scala source)
2020.09.24 16:28:17 INFO  time: compiled lab in 0.87s
2020.09.24 16:28:19 WARN  1 deprecation (since 2.13.0); re-run with -deprecation for details
2020.09.24 16:28:19 INFO  time: compiled lab-test in 0.32s
2020.09.24 16:29:22 INFO  skipping build import with status 'Installed'
2020.09.24 16:29:22 INFO  compiling lab (1 scala source)
2020.09.24 16:29:23 WARN  1 deprecation (since 2.13.0); re-run with -deprecation for details
2020.09.24 16:29:23 INFO  compiling lab-test (1 scala source)
2020.09.24 16:29:23 INFO  time: compiled lab in 1.08s
2020.09.24 16:29:23 WARN  1 deprecation (since 2.13.0); re-run with -deprecation for details
2020.09.24 16:29:23 INFO  time: compiled lab-test in 0.32s
2020.09.24 16:30:06 INFO  skipping build import with status 'Installed'
2020.09.24 16:30:06 INFO  compiling lab (1 scala source)
2020.09.24 16:30:07 WARN  1 deprecation (since 2.13.0); re-run with -deprecation for details
2020.09.24 16:30:07 INFO  compiling lab-test (1 scala source)
2020.09.24 16:30:07 INFO  time: compiled lab in 1.06s
2020.09.24 16:30:07 WARN  1 deprecation (since 2.13.0); re-run with -deprecation for details
2020.09.24 16:30:07 INFO  time: compiled lab-test in 0.33s
2020.09.24 16:30:46 INFO  skipping build import with status 'Installed'
2020.09.24 16:30:46 INFO  compiling lab (1 scala source)
2020.09.24 16:30:46 WARN  1 deprecation (since 2.13.0); re-run with -deprecation for details
2020.09.24 16:30:47 INFO  time: compiled lab in 1.01s
2020.09.24 16:30:47 INFO  compiling lab-test (1 scala source)
2020.09.24 16:30:47 WARN  1 deprecation (since 2.13.0); re-run with -deprecation for details
2020.09.24 16:30:47 INFO  time: compiled lab-test in 0.31s
2020.09.24 16:31:16 INFO  skipping build import with status 'Installed'
2020.09.24 16:31:16 INFO  compiling lab (1 scala source)
2020.09.24 16:31:16 WARN  1 deprecation (since 2.13.0); re-run with -deprecation for details
2020.09.24 16:31:16 INFO  compiling lab-test (1 scala source)
2020.09.24 16:31:16 INFO  time: compiled lab in 0.88s
2020.09.24 16:31:17 WARN  1 deprecation (since 2.13.0); re-run with -deprecation for details
2020.09.24 16:31:17 INFO  time: compiled lab-test in 0.33s
2020.09.24 16:31:46 INFO  skipping build import with status 'Installed'
2020.09.24 16:31:46 INFO  compiling lab (1 scala source)
2020.09.24 16:31:46 WARN  1 deprecation (since 2.13.0); re-run with -deprecation for details
2020.09.24 16:31:46 INFO  compiling lab-test (1 scala source)
2020.09.24 16:31:46 INFO  time: compiled lab in 0.87s
2020.09.24 16:31:47 WARN  1 deprecation (since 2.13.0); re-run with -deprecation for details
2020.09.24 16:31:47 INFO  time: compiled lab-test in 0.31s
2020.09.24 16:32:24 INFO  skipping build import with status 'Installed'
2020.09.24 16:32:25 INFO  compiling lab (1 scala source)
2020.09.24 16:32:26 WARN  1 deprecation (since 2.13.0); re-run with -deprecation for details
2020.09.24 16:32:26 INFO  compiling lab-test (1 scala source)
2020.09.24 16:32:26 INFO  time: compiled lab in 1.04s
2020.09.24 16:32:26 WARN  1 deprecation (since 2.13.0); re-run with -deprecation for details
2020.09.24 16:32:26 INFO  time: compiled lab-test in 0.36s
2020.09.24 16:32:31 INFO  skipping build import with status 'Installed'
2020.09.24 16:32:31 INFO  compiling lab (1 scala source)
2020.09.24 16:32:32 WARN  1 deprecation (since 2.13.0); re-run with -deprecation for details
2020.09.24 16:32:32 INFO  time: compiled lab in 1.26s
2020.09.24 16:32:32 INFO  compiling lab-test (1 scala source)
2020.09.24 16:32:32 WARN  1 deprecation (since 2.13.0); re-run with -deprecation for details
2020.09.24 16:32:32 INFO  time: compiled lab-test in 0.35s
2020.09.24 16:32:59 INFO  skipping build import with status 'Installed'
2020.09.24 16:32:59 INFO  compiling lab (1 scala source)
2020.09.24 16:32:59 WARN  1 deprecation (since 2.13.0); re-run with -deprecation for details
2020.09.24 16:32:59 INFO  compiling lab-test (1 scala source)
2020.09.24 16:32:59 INFO  time: compiled lab in 0.99s
2020.09.24 16:33:00 WARN  1 deprecation (since 2.13.0); re-run with -deprecation for details
2020.09.24 16:33:00 INFO  time: compiled lab-test in 0.32s
2020.09.24 16:33:19 INFO  skipping build import with status 'Installed'
2020.09.24 16:33:19 INFO  compiling lab (1 scala source)
2020.09.24 16:33:19 WARN  1 deprecation (since 2.13.0); re-run with -deprecation for details
2020.09.24 16:33:19 INFO  compiling lab-test (1 scala source)
2020.09.24 16:33:19 INFO  time: compiled lab in 0.91s
2020.09.24 16:33:20 WARN  1 deprecation (since 2.13.0); re-run with -deprecation for details
2020.09.24 16:33:20 INFO  time: compiled lab-test in 0.33s
2020.09.24 16:34:24 INFO  skipping build import with status 'Installed'
2020.09.24 16:34:24 INFO  compiling lab (1 scala source)
2020.09.24 16:34:24 WARN  1 deprecation (since 2.13.0); re-run with -deprecation for details
2020.09.24 16:34:24 INFO  compiling lab-test (1 scala source)
2020.09.24 16:34:24 INFO  time: compiled lab in 0.94s
2020.09.24 16:34:25 WARN  1 deprecation (since 2.13.0); re-run with -deprecation for details
2020.09.24 16:34:25 INFO  time: compiled lab-test in 0.29s
2020.09.24 16:35:33 INFO  skipping build import with status 'Installed'
2020.09.24 16:35:33 INFO  compiling lab (1 scala source)
2020.09.24 16:35:33 WARN  2 deprecations (since 2.13.0); re-run with -deprecation for details
2020.09.24 16:35:33 INFO  compiling lab-test (1 scala source)
2020.09.24 16:35:33 INFO  time: compiled lab in 0.86s
2020.09.24 16:35:34 WARN  2 deprecations (since 2.13.0); re-run with -deprecation for details
2020.09.24 16:35:34 INFO  time: compiled lab-test in 0.32s
2020.09.24 16:37:25 INFO  skipping build import with status 'Installed'
2020.09.24 16:37:25 INFO  compiling lab (1 scala source)
2020.09.24 16:37:25 WARN  2 deprecations (since 2.13.0); re-run with -deprecation for details
2020.09.24 16:37:25 INFO  compiling lab-test (1 scala source)
2020.09.24 16:37:25 INFO  time: compiled lab in 0.89s
2020.09.24 16:37:26 WARN  2 deprecations (since 2.13.0); re-run with -deprecation for details
2020.09.24 16:37:26 INFO  time: compiled lab-test in 0.34s
2020.09.24 16:38:08 INFO  skipping build import with status 'Installed'
2020.09.24 16:38:08 INFO  compiling lab (1 scala source)
2020.09.24 16:38:08 WARN  2 deprecations (since 2.13.0); re-run with -deprecation for details
2020.09.24 16:38:08 INFO  compiling lab-test (1 scala source)
2020.09.24 16:38:08 INFO  time: compiled lab in 0.91s
2020.09.24 16:38:09 WARN  2 deprecations (since 2.13.0); re-run with -deprecation for details
2020.09.24 16:38:09 INFO  time: compiled lab-test in 0.3s
2020.09.24 16:38:33 INFO  skipping build import with status 'Installed'
2020.09.24 16:38:33 INFO  compiling lab (1 scala source)
2020.09.24 16:38:33 WARN  2 deprecations (since 2.13.0); re-run with -deprecation for details
2020.09.24 16:38:33 INFO  compiling lab-test (1 scala source)
2020.09.24 16:38:33 INFO  time: compiled lab in 0.88s
2020.09.24 16:38:34 WARN  2 deprecations (since 2.13.0); re-run with -deprecation for details
2020.09.24 16:38:34 INFO  time: compiled lab-test in 0.34s
2020.09.24 16:38:46 INFO  skipping build import with status 'Installed'
Sep 24, 2020 4:42:29 PM org.eclipse.lsp4j.jsonrpc.RemoteEndpoint handleCancellation
WARNING: Unmatched cancel notification for request id 7001
2020.09.24 16:42:49 INFO  compiling lab (1 scala source)
2020.09.24 16:42:49 INFO  skipping build import with status 'Installed'
2020.09.24 16:42:49 WARN  2 deprecations (since 2.13.0); re-run with -deprecation for details
2020.09.24 16:42:49 INFO  compiling lab-test (1 scala source)
2020.09.24 16:42:49 INFO  time: compiled lab in 0.92s
2020.09.24 16:42:50 WARN  2 deprecations (since 2.13.0); re-run with -deprecation for details
2020.09.24 16:42:50 INFO  time: compiled lab-test in 0.32s
2020.09.24 16:51:52 INFO  skipping build import with status 'Installed'
2020.09.24 16:51:52 INFO  compiling lab (1 scala source)
2020.09.24 16:51:52 INFO  time: compiled lab in 70ms
2020.09.24 16:52:19 INFO  skipping build import with status 'Installed'
2020.09.24 16:52:19 INFO  compiling lab (1 scala source)
2020.09.24 16:52:19 INFO  time: compiled lab in 59ms
2020.09.24 16:52:28 INFO  skipping build import with status 'Installed'
2020.09.24 16:52:28 INFO  compiling lab (1 scala source)
2020.09.24 16:52:28 INFO  time: compiled lab in 0.14s
2020.09.24 16:52:35 INFO  skipping build import with status 'Installed'
2020.09.24 16:52:35 INFO  compiling lab (1 scala source)
2020.09.24 16:52:35 WARN  2 deprecations (since 2.13.0); re-run with -deprecation for details
2020.09.24 16:52:35 INFO  compiling lab-test (1 scala source)
2020.09.24 16:52:35 INFO  time: compiled lab in 0.97s
2020.09.24 16:52:37 WARN  2 deprecations (since 2.13.0); re-run with -deprecation for details
2020.09.24 16:52:37 INFO  time: compiled lab-test in 0.36s
2020.09.24 16:53:53 INFO  skipping build import with status 'Installed'
2020.09.24 16:53:53 INFO  compiling lab (1 scala source)
2020.09.24 16:53:53 WARN  2 deprecations (since 2.13.0); re-run with -deprecation for details
2020.09.24 16:53:53 INFO  compiling lab-test (1 scala source)
2020.09.24 16:53:53 INFO  time: compiled lab in 0.98s
2020.09.24 16:53:54 WARN  2 deprecations (since 2.13.0); re-run with -deprecation for details
2020.09.24 16:53:54 INFO  time: compiled lab-test in 0.4s
2020.09.24 16:54:03 INFO  skipping build import with status 'Installed'
2020.09.24 16:54:03 INFO  compiling lab (1 scala source)
2020.09.24 16:54:03 WARN  2 deprecations (since 2.13.0); re-run with -deprecation for details
2020.09.24 16:54:03 INFO  compiling lab-test (1 scala source)
2020.09.24 16:54:03 INFO  time: compiled lab in 0.96s
2020.09.24 16:54:04 WARN  2 deprecations (since 2.13.0); re-run with -deprecation for details
2020.09.24 16:54:04 INFO  time: compiled lab-test in 0.35s
2020.09.24 16:54:27 INFO  skipping build import with status 'Installed'
2020.09.24 16:54:27 INFO  compiling lab (1 scala source)
2020.09.24 16:54:27 WARN  2 deprecations (since 2.13.0); re-run with -deprecation for details
2020.09.24 16:54:27 INFO  compiling lab-test (1 scala source)
2020.09.24 16:54:27 INFO  time: compiled lab in 0.92s
2020.09.24 16:54:28 WARN  2 deprecations (since 2.13.0); re-run with -deprecation for details
2020.09.24 16:54:28 INFO  time: compiled lab-test in 0.68s
2020.09.24 16:55:52 INFO  skipping build import with status 'Installed'
2020.09.24 16:55:52 INFO  compiling lab (1 scala source)
2020.09.24 16:55:53 WARN  2 deprecations (since 2.13.0); re-run with -deprecation for details
2020.09.24 16:55:53 INFO  time: compiled lab in 1.47s
2020.09.24 16:55:53 INFO  compiling lab-test (1 scala source)
2020.09.24 16:55:53 WARN  2 deprecations (since 2.13.0); re-run with -deprecation for details
2020.09.24 16:55:53 INFO  time: compiled lab-test in 0.7s
2020.09.24 16:56:09 INFO  skipping build import with status 'Installed'
2020.09.24 16:56:55 INFO  skipping build import with status 'Installed'
2020.09.24 16:56:55 INFO  compiling lab (1 scala source)
2020.09.24 16:56:55 WARN  2 deprecations (since 2.13.0); re-run with -deprecation for details
2020.09.24 16:56:55 INFO  compiling lab-test (1 scala source)
2020.09.24 16:56:55 INFO  time: compiled lab in 0.9s
2020.09.24 16:56:57 WARN  2 deprecations (since 2.13.0); re-run with -deprecation for details
2020.09.24 16:56:57 INFO  time: compiled lab-test in 0.34s
2020.09.24 17:00:20 INFO  skipping build import with status 'Installed'
2020.09.24 17:00:20 INFO  compiling lab (1 scala source)
2020.09.24 17:00:20 WARN  2 deprecations (since 2.13.0); re-run with -deprecation for details
2020.09.24 17:00:20 INFO  compiling lab-test (1 scala source)
2020.09.24 17:00:20 INFO  time: compiled lab in 0.93s
2020.09.24 17:00:22 WARN  2 deprecations (since 2.13.0); re-run with -deprecation for details
2020.09.24 17:00:22 INFO  time: compiled lab-test in 0.42s
2020.09.24 17:02:52 INFO  skipping build import with status 'Installed'
2020.09.24 17:04:06 INFO  skipping build import with status 'Installed'
2020.09.24 17:04:06 INFO  compiling lab (1 scala source)
2020.09.24 17:04:07 WARN  2 deprecations (since 2.13.0); re-run with -deprecation for details
2020.09.24 17:04:07 INFO  compiling lab-test (1 scala source)
2020.09.24 17:04:07 INFO  time: compiled lab in 1.22s
2020.09.24 17:04:07 WARN  2 deprecations (since 2.13.0); re-run with -deprecation for details
2020.09.24 17:04:07 INFO  time: compiled lab-test in 0.45s
2020.09.24 17:04:09 INFO  skipping build import with status 'Installed'
2020.09.24 17:04:33 INFO  skipping build import with status 'Installed'
2020.09.24 17:23:15 INFO  skipping build import with status 'Installed'
2020.09.24 17:23:15 INFO  compiling lab (1 scala source)
2020.09.24 17:23:15 WARN  2 deprecations (since 2.13.0); re-run with -deprecation for details
2020.09.24 17:23:16 INFO  compiling lab-test (1 scala source)
2020.09.24 17:23:16 INFO  time: compiled lab in 1.02s
2020.09.24 17:23:16 WARN  2 deprecations (since 2.13.0); re-run with -deprecation for details
2020.09.24 17:23:16 INFO  time: compiled lab-test in 0.37s
2020.09.24 17:23:52 INFO  skipping build import with status 'Installed'
2020.09.24 17:26:27 INFO  skipping build import with status 'Installed'
